<If>[http://mr3.doubanio.com/5ddddacc6d452d788551d9f63aaecd27/1/fm/song/p1615_192k.mp3]{869ffb0c251d0f5b124377db72863f53a0d7a2b5df846266c0cb51c75d272bd1}
<Bilitis-Générique>[http://mr1.doubanio.com/f1b9cbaaced5f47c88f424cef5ae5619/0/fm/song/p3823_192k.mp3]{7d7b41c68cb709e525c93cc70730814b11ad87121276316733328f525e50fd2a}
<Moment Musical D 870 No. 3>[http://mr3.doubanio.com/9e951bfc5f03f5859dd15aff9f272315/0/fm/song/p4122_192k.mp3]{8c07d9e0e5b19fe94b7a9c2e21b21ac96714cb8f13e5f7c34b695d718519683c}
<Refrain>[http://mr1.doubanio.com/0b13f3fcacbfe2edb6723b5c4042fb96/0/fm/song/p7032_192k.mp3]{1903278efc67fd4b1b19864bea23e9f56cdab38fd198cff094102576c1a61610}
<Wish>[http://mr1.doubanio.com/ea19886c6344279473925779d7215908/1/fm/song/p7040_192k.mp3]{9efbc684f8b5383b9d0ef8967f26c4af0ccca4f02f05e0bff79ed1aad2a6ca6a}
<Twenty Eighth Parallel>[http://mr1.doubanio.com/60d80e07f6f988ac0e38aae78baff53c/0/fm/song/p8452_192k.mp3]{781ddabd0e734bc5d2751b825889013921fe3d62076b0d204de62ee777bc86a6}
<もののけ姫(インストゥルメンタルヴァージョン)>[http://mr1.doubanio.com/4e3c587b17d3f4b64edf98f0b6980a5a/1/fm/song/p10746_192k.mp3]{1b04322db2383b2741699332bc39b16f0fa28a81ade5659e423620f3f28306bd}
<放生>[http://mr3.doubanio.com/d96fdb87ca8fb4ac59c87026543ca4a6/1/fm/song/p10965_192k.mp3]{dc313f9a05bb18e5284b393bb0f0100cf1a2805901aaeefb4b8a2c4f2cb44fae}
<青春纪念册>[http://mr3.doubanio.com/d2292d9b2167ca1dd043957bcff96bb0/0/fm/song/p11267_192k.mp3]{578315d454b52b01229b0a536d24a9e9ebc9e179e983cc3c2442a1df3f610b18}
<细雨烟烟的草原>[http://mr1.doubanio.com/1e72e6cd97d4504d7ecd57ab287c19cb/0/fm/song/p11931_192k.mp3]{56f340e3c60076b8036517b2145fef3e45f84ab3f9da6a6b3c6f5372ed399148}
<義兄弟~桃園の誓い>[http://mr1.doubanio.com/43f5b561cb3dda5368fe33f314a732c0/0/fm/song/p13393_192k.mp3]{730d4562e93fd28f21c01bf3841c8150b550a1444caaac77cbd2e0fa58e258bd}
<Concerto No.1 in E major, RV.269 ''Spring'' - I. Allegro>[http://mr3.doubanio.com/8d52024ee5fcc1300d1fe4323945e9e4/0/fm/song/p13928_192k.mp3]{ae39245b4b1a709557e0731d22e14259385b1ba2e88fcb97e44fd1c8113231a3}
<毕业歌>[http://mr1.doubanio.com/a6af47d44c2367efedd0dab7aff1432f/0/fm/song/p15513_192k.mp3]{d2a57bdabf9babd3b95a60e6e476840703964bb689b9052fbc94350b527f025a}
<Pearl Harbor - Heart Of The Vo>[http://mr3.doubanio.com/e4e010f0139eaf711261880a73c95edf/1/fm/song/p16527_192k.mp3]{8333badc989d495ed22854c04c6fe877e421f23112b397204f6db669b276a6dd}
<月>[http://mr3.doubanio.com/25ce698d4ae835c461c90a318714f04e/0/fm/song/p17144_192k.mp3]{c25e0783641cbb587c26cd892d99e9a586c51f2d7323555cd27f6e77d7c53547}
<Song For Sienna>[http://mr3.doubanio.com/afd34a2cd6b0faf3ca7cf6e3bb518426/0/fm/song/p20786_192k.mp3]{92502f5261a78d988dc1a0b0b78316b3ce01a65e8feaf1ee66f91934f3032ff4}
<Eclipse Of The Moon>[http://mr1.doubanio.com/07aaf232e41d887cd903bf1faffdc930/0/fm/song/p20790_192k.mp3]{e2ff708ae393f2a878dae23bab120d088199a2056deb7984fcf5447c5438570d}
<Midnight Blue>[http://mr1.doubanio.com/d9b3b2e44e437e2cc64ad415228dd032/1/fm/song/p20791_192k.mp3]{e6a72cb8aaf67a5a80af8bae5f7102fc4f686e82d832a9679c04078d91ae180f}
<Greensleaves>[http://mr3.doubanio.com/d89e095eddee2dd22d4eb9061d634097/0/fm/song/p21954_192k.mp3]{9ae68b92a9734dfaec74b92ed1825be8637f93f0686dd30e23ed7527a705a00b}
<Canon and Gigue in D: Canon>[http://mr1.doubanio.com/4adb3957c0d41835e7292c5d3c757253/0/fm/song/p30032_192k.mp3]{175a97c35c5bc7b7985e65b334f63bb3e59c069a91de98411d0a383b25a10fcb}
<風になる>[http://mr3.doubanio.com/5dfe5f3c1de2f088c36fa6fa52f7a428/1/fm/song/p32698_192k.mp3]{6debaef72a1cf99ac38cd70e5535c08c2914a7ec912bff76a62c835c39940e3f}
<你快回来>[http://mr3.doubanio.com/8de6a958d2c79f0fb560c0018fbdcbae/0/fm/song/p33924_192k.mp3]{25b83bf0683711775a0e45d13a6d90c3e8e4d54cc97e9fe9ab5628d6a4a71548}
<是你决定我的伤心>[http://mr3.doubanio.com/26c6c76038df2b9725bb407fb33df44f/0/fm/song/p34407_192k.mp3]{333af6332b3b0af32d293a66099914fb2451f48dabe2fe65f428f441b7631362}
<红日>[http://mr1.doubanio.com/0757e936f62dcf4671bf615d901d3098/1/fm/song/p34721_192k.mp3]{0803083e62bf2048a3ed5c3ae4f94d3361efa6dda6f8d81eb5b83d2d5fbc47dd}
<一生不变>[http://mr1.doubanio.com/b22d4cca310bda4045c1446ef57a89a2/1/fm/song/p34722_192k.mp3]{09d19a9dd7f29328efd3cc5fef52ee9fc82f297175092bde0f68567d51b68061}
<月半小夜曲>[http://mr3.doubanio.com/98721693c47a2a489ecd9731461a46a8/1/fm/song/p34724_192k.mp3]{eba3a990370ea741bfd798cea01115f497ac8cc6d7ca5e87cb6c24261f820054}
<大会堂演奏曲>[http://mr3.doubanio.com/682814e5bfd9022fa29dd85b472cbbd6/0/fm/song/p34727_192k.mp3]{6d092488c65be917f0f1c83f35938fdee44ea90071f9f593471537aa6a08e37c}
<破晓时分>[http://mr3.doubanio.com/107e7fe24944a1b656682427125b6201/1/fm/song/p34729_192k.mp3]{ecaac27975b3b567165ead45306cd99ee6a8ead1d06d11a8af471d0b40b1d4fb}
<红楼梦>[http://mr3.doubanio.com/c8e2ca4322097486e8be801a1de7b330/0/fm/song/p34735_192k.mp3]{206a68e53e8e70a7938e34b12666fc4bff76d7e2e5e649e66f7937ea1a25eec0}
<不可以逃避>[http://mr3.doubanio.com/70b2130e2842af6f8b221e84370ea2b1/1/fm/song/p34857_192k.mp3]{4a6cc93650016248b39836503b3e0134ebc84265dd8c80cc3216f4b47ccd40fd}
<狮子山下>[http://mr1.doubanio.com/43c1b8b2350e8bd4e9f9cefdf94abe83/0/fm/song/p35642_192k.mp3]{56c80282d699d7c9aa5a17c60e936d0e34d6963df856beeeb82f640446e18545}
<活得潇洒>[http://mr3.doubanio.com/a85f7ff22dc0fbd5e7ecb3b241dce6d9/0/fm/song/p36246_192k.mp3]{4c49fc14ab9d5aace7926c6fabd7fb8e1b91d30e23d7761a2307faa84d96b44b}
<Tomorrow>[http://mr3.doubanio.com/0f66882b8e373c810671da6b159684a0/0/fm/song/p37729_192k.mp3]{f2afcc57449925f1d76dc9341ed02d82b2bbaf9cdb373508ccd77e322213a7ee}
<大会堂演奏厅>[http://mr1.doubanio.com/24f45daaf7568b1f984659a81c5bc978/0/fm/song/p40751_192k.mp3]{93d3230babea4165117db419a9ef333d785750ec2947016ec8fbd47d505bd082}
<默契>[http://mr3.doubanio.com/17cc71f9a7d60db0e60307b6b56d23f8/1/fm/song/p40808_192k.mp3]{9a28770b86fefb9703d5084245a04b071110c11b68c227bbab44e87ee3be3660}
<我这样爱你>[http://mr3.doubanio.com/5d1666c3f653f669020eac5e433af738/1/fm/song/p40966_192k.mp3]{f32267e575856e6caf83e4dface99e3c87fcfc77d44865dde60a2e0b30f9f731}
<Liebesleid>[http://mr3.doubanio.com/652bce7e90126e3a5431c2ef7eb7f7e1/0/fm/song/p42346_192k.mp3]{da3494b59dbbd28e280aafe9528b27e758b740eb939acb2cd53ea0366b2d3305}
<We Are The Champions>[http://mr1.doubanio.com/69a6521bb2ff0763fd5b7464861d753b/1/fm/song/p43861_192k.mp3]{d272929675a01b6b07314fcb185eed14ce02d2508b2e29071f00f6857fd472d6}
<Always 三丁目の夕日>[http://mr3.doubanio.com/2dd3bf563c78bd2f93e577fb6117190d/0/fm/song/p45936_192k.mp3]{a2f97b5003482fcb8d71377e06f658791cd51ee58a21d262a747b43fa48bc448}
<A Whole New World>[http://mr3.doubanio.com/4a91901e934543ab3ca2a03960ec0d5c/0/fm/song/p47854_192k.mp3]{afb200966eaa7ce62e6c216a140815a0933d1f1b2812aeb2b615e5bdc7e96a61}
<Circle Of Life>[http://mr1.doubanio.com/07e59123ad3ba82fe6edb6b80efe7a72/0/fm/song/p47872_192k.mp3]{b0ee4263f605af74ff89ca439f7c36c18b0ac4115748b12a853a65630cb0e16e}
<Beyond The Horizon>[http://mr1.doubanio.com/7895ad2941a1efa4dcd9ec8311bada9a/0/fm/song/p51943_192k.mp3]{01458d66dc97792db0fccf6c978ad0d1275ed5852cad2f40a137608b5535d652}
<The Swan>[http://mr1.doubanio.com/656f457075c14c5789aecc0ef03b465e/0/fm/song/p64543_192k.mp3]{1106bfb608b4b9e9934a5c35733e5cdbce2f0e0042c6866a4f52e2f37865bdcc}
<Arioso>[http://mr3.doubanio.com/46beec2079d56c5e624e7a28b46528df/1/fm/song/p64547_192k.mp3]{bb796c424c54d70f8b0cb0c9aac4cd5667cc15805578aeb9072100061ede437a}
<제비꽃(Instrumental)>[http://mr1.doubanio.com/ffefb5f1f1ff353b8e4f986d6f7e6c7b/0/fm/song/p67543_192k.mp3]{19c7efb3ffdc8f68b3413e18268565d6df7dc7f6ceb4c1274d3ab5a121b4b54e}
<堆积情感>[http://mr3.doubanio.com/c5f06809340b8118d23b0b1da7f8452c/0/fm/song/p68869_192k.mp3]{8d3d83eefec0fc2e894bb4a42dea462e8955836c9a533d7e538f26d2d6b5b352}
<长流不息>[http://mr1.doubanio.com/ffbdf9699579ef2ea46a2b0307ffcce8/0/fm/song/p69283_192k.mp3]{626802004a6e13624aaaf63ada6c5796dd66c9e086228a3bc3e99d6d9edc523e}
<Let It Be Me>[http://mr3.doubanio.com/3c6b1a4fe03286816da38664fa55eb2c/0/fm/song/p72306_192k.mp3]{841394a81c9b8119bd08e406886bcacd3feeea0c9e1b1e9de22b23fbc2a79c5f}
<感情到老>[http://mr3.doubanio.com/6823ed0db70e9fe0c72f8c9294474268/0/fm/song/p73608_192k.mp3]{c5e95e2fb8c4638bc7e7d791826293291b4842c69d46c565ec521e8d7f956771}
<Change The World (tv-size)>[http://mr1.doubanio.com/06189a7737b55337774203ce3aba5153/0/fm/song/p85252_192k.mp3]{8e34f38a195b543f3a4ff8dc979837e9b0954bee5458f018dc73e3018fcd2f15}
<Hand In Hand>[http://mr1.doubanio.com/1197dc34c99304bafe67d66189245b0f/0/fm/song/p89883_192k.mp3]{6c99e1910783092ffb1730432f127bcd0c099eea1fc978fdaa34fa449d459c6f}
<Wait There>[http://mr3.doubanio.com/ebebd445bdc4bfceee7a486019586272/0/fm/song/p96699_192k.mp3]{dd1bb53c7612e8db724e06ecb803bcc03e2ec75e30e9df49fc30954537ad01f7}
<Sonata No.3 In F Minor,bwv 101>[http://mr1.doubanio.com/b5685495962fda7449723c3d28451764/0/fm/song/p108383_192k.mp3]{bb9647a46c8f92eb565548d0110097136adf4bc4b554f2316ca4932a9df2762e}
<Streets Of London>[http://mr3.doubanio.com/ba0eaa732d34addf57d4f14915b954a4/0/fm/song/p122627_192k.mp3]{4652f95ed88cae7e239c9799a84ca7dd80a0a36da60cd91eda0aa2e6e2af9e5c}
<もののけ姫 (ヴォーカル・エンディング)>[http://mr3.doubanio.com/474dbf736aa4618e8462713ed6464e78/0/fm/song/p129977_192k.mp3]{c45455f1fe6151254ad8a40dd46afb892071ebe42d76786f37474311b2b0ce53}
<I Swear>[http://mr1.doubanio.com/25cf49989ac71ec08119fdaa54c4ddc6/0/fm/song/p130903_192k.mp3]{36982be5d7b8554eb12b7a4ded21566720a4618032211a7b17321b9cda544dc9}
<Walking In The Air>[http://mr3.doubanio.com/4274741b64ba54f7eb70dd839a81dec1/1/fm/song/p131328_192k.mp3]{970c93a429a08b81f4b4c6a4c797c121c5864f5b4269f49276192facfedbee76}
<オソノさんのたのみ事…>[http://mr1.doubanio.com/94c8f460ea758dfff493ab2613e4e1f7/0/fm/song/p146531_192k.mp3]{69af3484518304f6426be36fc45bdb77f3b86af785fb2bc950193800cf1d6fb7}
<The Prayer (with Charlotte Chu>[http://mr3.doubanio.com/5e0f4fc10e13113bd2af9acfb2b54502/0/fm/song/p147918_192k.mp3]{39d5977d7c95ecbc045528a271320623b482fb70256e87e5e69d250866469f5c}
<Sancta Maria>[http://mr1.doubanio.com/3b6e46bd9d5c56296f91dfa29a3bf787/1/fm/song/p148742_192k.mp3]{9af23b8436b83aaea9025f5e812569dffb25b56b377e6c17969da94737b6a6d1}
<Le Cose Che Sei Per Me (the Things You Are To Me)>[http://mr3.doubanio.com/4714a1c52261278a5f17de826947ceee/0/fm/song/p148744_192k.mp3]{2e115ea79f7f79517efba6eb09c05c9ae75490399e597116182da85f0630d921}
<Viva Tonight>[http://mr1.doubanio.com/4755db4156f80bd36c5b4acbd1adee2e/1/fm/song/p148752_192k.mp3]{21be490accaa83636d38ec01aae2fa514bec2ff2f58b8c0c5177525fec5fd7d9}
<Historia De Un Amor>[http://mr3.doubanio.com/0365e7ccb60d63c4cd03f07fb8b9c820/0/fm/song/p150466_192k.mp3]{00c2009ede0e8eec5703846ac7701b1b4f928f8059023c69cba27f9f905d9400}
<Schindler's List: Main Theme>[http://mr3.doubanio.com/906c91e8615e16a098ed04f3b4f89eeb/0/fm/song/p154207_192k.mp3]{3d9c45d5735acc8426ee8a16d87a0a8bd7a958a8d3df5e8729cd8eb0fcc830ce}
<There You'll Be>[http://mr3.doubanio.com/7b17eb957cb40ca77171b9314dd0b836/0/fm/song/p157218_192k.mp3]{ed8920415774d2f3461a50cc3f6f9ac9b7c4e867554627a2aadc652370d69462}
<Time to Say Goodbye (Con Te Partirò)>[http://mr3.doubanio.com/9d44fc89fce757d3ad88b983f67f6728/0/fm/song/p160918_192k.mp3]{b494e3b51b6700f121869da3ff78400a25179182077872397e3a14ab2ac7598d}
<Il Postino>[http://mr1.doubanio.com/1655ea53cc114ff1d3e8290d6f4cb450/0/fm/song/p161983_192k.mp3]{8fa89a1c138a9fcdb832e526532c01bfd581d4e57dc791226fc9daab6c396e49}
<Allegro Cantabile E.p (piano Version)>[http://mr3.doubanio.com/17f5dd54e68ff2cbdaf6c48b23b57a0b/0/fm/song/p168428_192k.mp3]{42e6c42bf889d7c0c7bfeef5cd2d553f345e4b122ab9890532e809f9f7b9454c}
<Piano Concerto No.2 In C Minor>[http://mr3.doubanio.com/7db888852ed5d2e897ecffe0831171bb/0/fm/song/p169766_192k.mp3]{49188559fceca3232137145ac1f1ea9b7f2297e703090674904d5944df17bf2d}
<いつも何度でも>[http://mr1.doubanio.com/c45a4421ff1e7d72ebbe2e70d59ea0f6/1/fm/song/p169922_192k.mp3]{cc79d66239373c4ae8e036da47e4a616450b5967889aab274b3730774cbd3b30}
<Son No.6 In E, Op.3>[http://mr3.doubanio.com/7f1f5d1087b5b6faae73080d565a6652/0/fm/song/p178636_192k.mp3]{dd8ffdf83ee023fe68812e94f1c5d282fd734d6c3ffff3a970070b4ea6ba9dc0}
<无间道(电影"无间道"主题曲)>[http://mr1.doubanio.com/66b1f99e0f0dfe7c75dac99678f00825/0/fm/song/p178712_192k.mp3]{0768304c5076a71c46197613737090aef3a05c0373c06105398b782419f0a70c}
<Nocturne No.16 In E-flat Major Op.55.2 / Lento Sostenuto>[http://mr1.doubanio.com/133943ead3e10240f00c72579fd7bfa5/1/fm/song/p178786_192k.mp3]{29cbd9dfebb581b90644201e6c50526c380a8345973b9a2a6ce3e58d91670a92}
<Nocturne No.18 In E Major Op.62.2 / Andante>[http://mr3.doubanio.com/04353a579c684879680bac25c72814f6/1/fm/song/p178788_192k.mp3]{4c473f53b05b6aaf839873f7e76d10748ebe617ec83c76d8ea8cedfc674a8afe}
<Nocturne No.20 In C-sharp Minor Op.post. / Lento Con Gran Espressione>[http://mr1.doubanio.com/66e4df15fccbbbf094c5cc1e045d0d22/0/fm/song/p178790_192k.mp3]{ec533e1e80d785a44f703ff8278f05a087442b0626abf8f4abc146c07bad3eaa}
<nocturne No.72 in C minor op.post>[http://mr1.doubanio.com/3923b6d54a83cced5b2683a0db3d6a74/1/fm/song/p178791_192k.mp3]{24bd14d2c622377fd0805f01a381420bb1061c0a6f581d189ecc510ddd96fda6}
<Hana-bi』：hana-bi>[http://mr3.doubanio.com/7ef5d32b2e53f84f2235c16eefd710e0/1/fm/song/p179186_192k.mp3]{7fddc705bb16814c1fcc6ff386d2836d3954f71bbc6a066a647f71ffd320e2f2}
<君をのせて>[http://mr3.doubanio.com/55968243c7c059f3846ff95a87108624/1/fm/song/p182277_192k.mp3]{35212635ea1c536f0428393b4b78a91d828d9eac68e39c36905af8735a8e7f35}
<洋葱>[http://mr3.doubanio.com/d9e01f3f2793f2a0d17b5a270de18233/0/fm/song/p186609_192k.mp3]{e2dae75dc294a8ff50a440eec9e2d71fc957a964971a452dab649fb6775eb620}
<Let's Start From Here>[http://mr1.doubanio.com/e6452155b1138343e8791ee7625eaa19/0/fm/song/p187737_192k.mp3]{d4b2c97fbce79314f1a839dda03d60773c8bbf5eff2b7e6fb8bf0f1d8cf42c37}
<One I Love>[http://mr3.doubanio.com/b40e8ca50cc275aec210c850a5ecf6bc/0/fm/song/p189589_192k.mp3]{23249f9d2b73a33d8be7f86894d4f46f17094dd2a9915d690352af7247229542}
<祝你一路顺风>[http://mr1.doubanio.com/bfd6dde7a6925601e189d826242d2236/1/fm/song/p191740_192k.mp3]{b162a65a30a4e4f617d39bee1aff7c29e5ff5bd1ad02dbd66fe90b7ddd5452af}
<一生何求>[http://mr3.doubanio.com/2c00c8afedd83bfeef6e7511038921fb/0/fm/song/p191885_192k.mp3]{ab4d0f37ee9d43c9c2a1f053a433bb5b8739785797de594cdb5a31d44e3b32f1}
<那有一天不想你>[http://mr3.doubanio.com/788707cfafe71758458143b442e45488/0/fm/song/p192686_192k.mp3]{86403a768851a7cdc07eabea6888e0a942459c6fdcc4df15dfbfd499db5acb6c}
<If Walls Could Speak>[http://mr3.doubanio.com/7aa3f5dada6b4a2c9e5c182d1e8dfcf9/1/fm/song/p198504_192k.mp3]{34a7bd8486d70fb512c0b5930cf2a546066eea103b414f031cf9ab75ee802b90}
<一翦梅>[http://mr3.doubanio.com/bd31ec70c7481e9992c73091a70ad4c0/0/fm/song/p213524_192k.mp3]{781cc5c2b5b46cc7b08139851da19d2bbf221f4ce43f3974ff79975e23bae8bb}
<鳥の詩>[http://mr3.doubanio.com/301a3141218a5a174912ca9dfc6d201a/0/fm/song/p220369_192k.mp3]{4adfcfb2a283983904b0d409af7732bff0c48220da05d6af474187af185cd3c6}
<Quizas Quizas Quizas>[http://mr1.doubanio.com/02228bd835aee732ac57776cc3787464/0/fm/song/p238642_192k.mp3]{cd907ffce03da9e8bacaf1974a5c56facdccc6e5cce4c416fe0227e60778d70a}
<Serenade To Spring>[http://mr3.doubanio.com/217269e6773f8da6fa6ec0072690117c/0/fm/song/p252993_192k.mp3]{69c57ac4f953cd9d40a2d01a4f40f55a1db73dd8419007ce221517da0283a43f}
<Meditation, From 'thais'>[http://mr1.doubanio.com/30f50eb1e7eaa18b0e3bf0b83457f87f/0/fm/song/p258483_192k.mp3]{67cd09399cdd303752fbe409d97662b6dfb1c7c399f1bcbec270a0991fbb8bd9}
<月光爱人>[http://mr3.doubanio.com/1f67ef7272f4fd643b2fb6e8480c3c4d/1/fm/song/p259949_192k.mp3]{d26c0b8f6fe25f5b844ef9265e5fd31828046948ed1cd83578729708e541fa7f}
<我的爱>[http://mr3.doubanio.com/037b679a33a35920ca0d5ae5ee4a0dc1/0/fm/song/p262385_192k.mp3]{5ecbfc36b86b5e9213faea7777e3a277bbcbd2d0fc0e2e40f17ff134a1b365b3}
<我也很想他>[http://mr3.doubanio.com/3d33e5cc0a0f270304bfd375a8f18d4e/0/fm/song/p262387_192k.mp3]{cfe89cb3c20fcfc7748d755ff39f6422e89aa4de16ed5f07b4b49a64e626b7e6}
<春之声>[http://mr1.doubanio.com/0c70ed8e63b3dfbdc63168e155d72307/0/fm/song/p262413_192k.mp3]{cc62a12ec5dad636bbe882ec80688f7ddf5a54b0ef434d5cc7bfe63452c964c5}
<Romanzo Quartiere>[http://mr3.doubanio.com/360914088d7e2ad41ff623626bbc946f/1/fm/song/p265689_192k.mp3]{54690f695728d43bdda078637fe49709fa18e6e79b72bfce5a8f46c20cb83705}
<Free Loop>[http://mr3.doubanio.com/45e3ce4e1f7e5d7de29d8012ca35d207/0/fm/song/p280187_192k.mp3]{ef295734c8811bc044a80859b5ca44e5e9a3ca57ea8bc8cdd88041b838da17aa}
<升C小调幻想即兴>[http://mr1.doubanio.com/7c302374ccb0cc956145478f53c2aff5/0/fm/song/p287521_192k.mp3]{738cc399ecfa5d84264374d83938d0be27592f8ca08248e33b51eb643aa68973}
<Méditation, for violin & orchestra (or other arrangement) (from opera 'Thaïs')>[http://mr1.doubanio.com/f2a77a710321532c2b00404b3c755cbe/0/fm/song/p311842_192k.mp3]{67cd09399cdd303752fbe409d97662b6dfb1c7c399f1bcbec270a0991fbb8bd9}
<Piano Quintet In A D667 'the Trout'-Iv Tema. Andantino>[http://mr3.doubanio.com/4570571a5bf57ba41d4ba8162027381c/1/fm/song/p321737_192k.mp3]{7fffc8f876f807e2373c2b5bdf1e10fb6dddd8cfe3b979977e72a537c02814aa}
<La Vie En Rose>[http://mr3.doubanio.com/1bc39a31c2b56524130c7c324172b50d/0/fm/song/p323945_192k.mp3]{f75f80692384a2e1292c371d8600b3f4ad67c35db6cc9dfd4a3e1e4d59848422}
<交换温柔>[http://mr1.doubanio.com/1df0b19d23ddcc079898fbc14d7680ba/0/fm/song/p329741_192k.mp3]{ce13f3852950fbf6f220343e87a077c9430c01b23214460c4ba0503dc4d54b15}
<Zigeunerweisen Op.20>[http://mr1.doubanio.com/95096ba0d4510c8074d9c3ff4a43323b/0/fm/song/p331772_192k.mp3]{d7992a9a648b12415e2578be1a77d8cde4790bd4e432e8229bfd27629adaf2cd}
<Méditation "thais">[http://mr3.doubanio.com/71d6c011625403ec6d11638b972057da/0/fm/song/p331776_192k.mp3]{b1f527aee03479c71ae2abb6c11d9c1aa49384df7685af27cfadf07ceb21f65b}
<朝もやの波音>[http://mr3.doubanio.com/7da585c8c9a37ef99143a5a87f0be898/0/fm/song/p333835_192k.mp3]{20e1c1e4ba3e6a3ca5447c9edf9b97e60e47fa3b37270a6e986d04f112bea745}
<Concerning Hobbits>[http://mr1.doubanio.com/b8b0374780e47aba2d52b0d95affcf87/0/fm/song/p336512_192k.mp3]{af5e0be04917dd6dbc80c85413233d4e35d8ee2f4f6ac1ff7d3fc2a45c681ae8}
<May It Be>[http://mr3.doubanio.com/6de4e70d2c8939e849545edd3ca0101d/0/fm/song/p336527_192k.mp3]{4130f01acd9f678341af3087c40ad469ed7ca63f7e9236875352203bbdafe7d2}
<Circle Of Life>[http://mr3.doubanio.com/622a61efd8e1320bfbcedb2f3c0fa6dd/0/fm/song/p336657_192k.mp3]{6b9c7e91e199602abf794fc763df5170a75e1cacb78632dc091bcbdfcb6dcbed}
<Hakuna Matata>[http://mr1.doubanio.com/27e1fa00cd46ac891ac23b5e76fdf93e/0/fm/song/p336660_192k.mp3]{3e44a2fd5daf8245db52a5734a31744e647d4de30c09d61303dbe62d66ec6af7}
<Can You Feel The Love Tonight>[http://mr1.doubanio.com/279636fadb1f03c170864181cac4b85a/0/fm/song/p336661_192k.mp3]{6f4ac5ff51b044b85ee6f9c976aa398009ad78d1d7154c05bac8ec2551ee1523}
<This Land>[http://mr1.doubanio.com/403f5c833e24b69dc7d7b5958a253653/0/fm/song/p336663_192k.mp3]{4fa606306f24870488d5b97b48959eb3edf552ddba56ec4ed7895d2167209b0b}
<To Die For>[http://mr3.doubanio.com/cfa9db54c4407bd3257937f50d786b33/0/fm/song/p336664_192k.mp3]{0c9ded17f4fa705bc6db582305c5ef60dd1dce7e3ba25598aeb3298bd35d421a}
<The Ludlows>[http://mr1.doubanio.com/94411c4e40411d7aa21b2479b9332152/1/fm/song/p336695_192k.mp3]{a466d82e796ef40abacfdcea7ab00be63aa78d7ec685cb0c451b89c4248fff7f}
<祝福>[http://mr1.doubanio.com/31a7fa5bb7654dd4bdfba2761ace9e9f/0/fm/song/p337041_192k.mp3]{34410cba9024d6fe20c78b7f08fd0488f6910dba10797f880743083c552828cc}
<(Everything I Do) I Do It For You>[http://mr3.doubanio.com/3f96344889c8e87464f9554e71c11252/0/fm/song/p340356_192k.mp3]{10139838bdfbf24962679f8de96c43bff52d1969304cb01df997f8e7230d5e5b}
<G大调弦乐小夜曲(作品525) Romance.Andante 第二乐章 行板>[http://mr3.doubanio.com/3711360503c1c4e67b564b1ea5bac755/0/fm/song/p341035_192k.mp3]{668e31afe6ae5d1f752850c3b4f40867e31bed87c286637644c7fdfa8de2229d}
<ラブストーリーは突然に>[http://mr3.doubanio.com/1ed228e2f73b410ce1bf862a1b1bff9d/0/fm/song/p345486_192k.mp3]{86e2dfb76b5ab334ef1f1fb1f8b0fbc27fd36f1e959e23e86481afc48853b020}
<风の住む街>[http://mr3.doubanio.com/3315b89cd3391ea3206502ea07fc46b6/0/fm/song/p345667_192k.mp3]{8ee69dcfb40f2b095323c5009148028571f17ba2700a04ee69cb782c92e44b1b}
<是否爱过我>[http://mr3.doubanio.com/1601ae1235f2019a6c6d632b871e8a05/0/fm/song/p347949_192k.mp3]{05b89478ea9fc43db85cd1ff67ef74b31080eb02c47e770401ca76f829b4b12f}
<没完没了>[http://mr1.doubanio.com/2e89e0259a9567c3953274b626637c4f/1/fm/song/p347952_192k.mp3]{c67d64480ee81ca0e81792200d905ee8bc45fb5d49894a0cdbb9d81032bcee07}
<男と女>[http://mr3.doubanio.com/85d8ffb7df3f9cda4e0b3cc4118479cf/0/fm/song/p350385_192k.mp3]{7bc3887e8144b74e7cc36e1a8ff4c57a0396ac7d5edec03accd6ab027b6ab876}
<創聖のアクエリオン お兄さまと>[http://mr1.doubanio.com/dbfa600320ca99f26ae8a0021ebab48e/0/fm/song/p353331_192k.mp3]{555e055769a890bc79662f025266e93d6990a4c3b2fca1560d0a52c7c49740a0}
<牧歌>[http://mr1.doubanio.com/5cb3232896a196f413b3c66b8f6fd065/0/fm/song/p353523_192k.mp3]{e4bd1333ab1b9345242ecdab8a969fcca2ee24a0c96b9b02ee04f13af8f9f641}
<渔舟唱晚>[http://mr3.doubanio.com/11bafdd2b39c08a0a929f3417cf90686/0/fm/song/p353525_192k.mp3]{8340acc5fa35a67f304c00a6b62c56332813304277841c7970ee6a1aeec5c154}
<思乡曲>[http://mr3.doubanio.com/607010109990a45ae62e6904db5be4f9/0/fm/song/p353526_192k.mp3]{773bd45011ed62dfce4210710274c967b091924b95c9bc6eaf23e4de005525be}
<Serenade>[http://mr3.doubanio.com/977df59b1a4f6335bd41814bc02d6305/1/fm/song/p355616_192k.mp3]{cba5cce672836bebb155b8c1e1142af808acaa74782dba45f9f0a5f9e002a0d2}
<Pavan>[http://mr1.doubanio.com/1a238f2a33d4709ecd071df39ba7265f/1/fm/song/p355618_192k.mp3]{57ebecebd386d788e56b233cbff98ad3707653da8ef9c98720d0fd9fb5462452}
<Flourishing>[http://mr3.doubanio.com/0b50c8720c2a6f6624ea0714345572a9/0/fm/song/p355622_192k.mp3]{2ade7bb4d4b869b9632b70d4be3dbffeecbc4a65f2093483bd9aa122ba820dca}
<逝去的诺言>[http://mr1.doubanio.com/ea8be43eeb9f0fbe28afa3505ef86030/0/fm/song/p356333_192k.mp3]{0ac8eb21fd9c2996eca2500476075f2aaba864467df9ace5554cf4b448dc67ab}
<与我常在>[http://mr3.doubanio.com/59d9cdc9bd581547b67334978e657e0d/0/fm/song/p356398_192k.mp3]{c7908ed574813a5efc010546830203d6c372ed6a2b297f221a10e1d84ab418fc}
<Greatest Love Of All>[http://mr3.doubanio.com/8c55907eefe57cba74a8048d4cdae5c9/0/fm/song/p360176_192k.mp3]{5470c7fd4316e72cc0676e947397939b45e0c012a9e346f0d1c338fe16b964d5}
<Radetzky-marsch>[http://mr3.doubanio.com/5ad31b23e802cbe75969d1039748f660/1/fm/song/p360259_192k.mp3]{b3e6cda93b13fc8116d8d69664f0ff60ad606517ccdb5cdc5d5adefb11127ad0}
<C2r Emotion>[http://mr1.doubanio.com/a42ea4c1e864c9969bf7392d5adbda11/0/fm/song/p361898_192k.mp3]{9a8ad7aef5d905a8ec7479be631464bbf32a12bf6c6207a139c431a12c9cf293}
<世界中の谁よりきっと~Album Version>[http://mr1.doubanio.com/091fa3c14903a26e57a41f958c4587de/0/fm/song/p362439_192k.mp3]{4ea815a71a58cf789d607e5de532d89300ed2e8ea3d0f2ddf7495cf31d00a10a}
<Longer>[http://mr1.doubanio.com/5e4aada9082185df517cb276302e7fae/0/fm/song/p364893_192k.mp3]{b2179ee1f7ac677c1c1e3a6377a2f5d703a532f89220f22a6b15515e23ac2a9a}
<Memories Of You>[http://mr3.doubanio.com/0935c14f622ccddbfccb61057dc046bd/0/fm/song/p365077_192k.mp3]{1151f2fc30667009659df20d21e9c899465f99d5f718d2cb22761550993c0a18}
<Amazing Grace>[http://mr1.doubanio.com/d9a50f4fb9ad52cc3890e3a77b4db1ce/0/fm/song/p366813_192k.mp3]{5ea3d3099afec962c72783d4954e38109403f1813778d86d9a41f35742f72053}
<Vincent>[http://mr3.doubanio.com/9badf44dbfce8440ccb203825959ff8e/0/fm/song/p366816_192k.mp3]{de9807b10beb78a89467b5f2a43205e5ba075f42d7d1eb81d687b8632af9f305}
<The Moon Is A Harsh Mistress>[http://mr3.doubanio.com/bb2a85c5b0d837732e36683df44ff980/0/fm/song/p385468_192k.mp3]{3c9a0b068cbc4d268b14bade5f77c33e4efb3df7eacf870d94c2e178edc2c69f}
<Odessa>[http://mr1.doubanio.com/ff751b6baac9f0c3d57e7d3002fcc3e8/1/fm/song/p392750_192k.mp3]{737868c05ee8b4c2f74ce6db180be0fd79bcc8143b38178511359db05023a797}
<The John Dunbar Theme>[http://mr3.doubanio.com/231e0c5c3f1b6124ac37dba8d8a56352/1/fm/song/p393278_192k.mp3]{ce651b7cf023b47aa4d3871ab7f18668d35ac245476f9dff974dd0ceb18ae345}
<The Buffalo Hunt>[http://mr3.doubanio.com/fc339d7539b9db77576c414a305b6a88/0/fm/song/p393286_192k.mp3]{0326a4915697df5d5e6903b3309c8eb3eda9a803a4bdd621dd47ee0e2bd9a81b}
<もののけ姫>[http://mr1.doubanio.com/01bebce274ee64be5f70b3231571bd9b/0/fm/song/p393370_192k.mp3]{c46475c24aea82e5b01560db49eb28c7f486e2f1ec031dccbc4c95bc9ba5a611}
<So You>[http://mr3.doubanio.com/5f7aca672a7d542597b33849117fc03c/0/fm/song/p394304_192k.mp3]{da7de5f3f572453892f518e6641774c373b7b6b77859daf963f429ec2312287a}
<未来へ>[http://mr1.doubanio.com/b77d144188ae01ca367ac2d2fff8f419/2/fm/song/p402742_192k.mp3]{cbd5f90267091af24258382c015e9f20dac252c9039c852c025653578f8f6a8a}
<The End Of The World>[http://mr3.doubanio.com/5ed1d7cd546abb7478a576b674295d7d/0/fm/song/p406841_192k.mp3]{63fe47959beefedf2c4bfb76fae405926f83cefc2e91efe40f071f6df958249c}
<Amazing Grace>[http://mr1.doubanio.com/abd7e7f222debc73f59d82b4fa2f6691/0/fm/song/p409340_192k.mp3]{3d91340789ae5d840a3001436d4d8e15f3a11caf74d2390923c5a9bb2f32d2ee}
<[oldies] Judy Collins - Blowing In The Wind>[http://mr3.doubanio.com/a21f34fa2c59fd2de0b84088c229beeb/0/fm/song/p409355_192k.mp3]{cb3f29811a245918e9c58833ba955d1975999cfea46aa39c401ada2615ced535}
<君は僕に似ている>[http://mr3.doubanio.com/c127fe0e513ad2a03925a1a051587204/0/fm/song/p421054_192k.mp3]{5c29299973e3960caff9a6cc3a5fa46d7b04e074d20a937fc9660926f495df86}
<Etudes, Op>[http://mr1.doubanio.com/0e3b8fa0587dd4e07a85ea5bd92a1f71/0/fm/song/p423272_192k.mp3]{d65a5d5af9ff90b8b47d83bb806bc4ac38be034b32475ced0c28d7483e084e43}
<No.1 in G, I. Prelude>[http://mr3.doubanio.com/17dd081c9f54a85d54f746163081bedc/1/fm/song/p423658_192k.mp3]{ee1fe3b789d11965effdde046eb4ef4d7b664477d86c9250339dc144dce459ee}
<Forest Hymn>[http://mr1.doubanio.com/72e5bdd5c2a16e3c4cc55fc887691b56/0/fm/song/p424897_192k.mp3]{0e0f616a0685430083cfe32b1ad09f82cc472225cc1f3a0a6ac80c5c0f700d74}
<真心英雄>[http://mr3.doubanio.com/276078b274dcae8ea9430636bedd254b/1/fm/song/p425709_192k.mp3]{58b0c1dfd22b224135f019ef992c3b5c6aaaafb7c55a86128e07d92f9a6f1e16}
<Recuerdo Infantil>[http://mr3.doubanio.com/48e4cf431814ea3d23d0bbc21f99e65a/1/fm/song/p427345_192k.mp3]{392c8430ad29fe48be1af5d7c3be93c96a1ba8f4a90280e33c18ef4415df0df4}
<每一生都为你>[http://mr3.doubanio.com/d3b1ad0da321ac60abd537c20aeb0d71/0/fm/song/p427547_192k.mp3]{0cb3a95c062403bcfdda80ff9312513fdefcc98c1e8d4428a1a4bd6799a9cefe}
<学生哥>[http://mr3.doubanio.com/1501d4aa29b7be0207a885c62d1c8e49/0/fm/song/p428298_192k.mp3]{7e4a46d63ac495bfe87d823a71f5c29558a8be4a3b93ce93ab18512b2cc96467}
<Leo>[http://mr3.doubanio.com/06334607821c017085042d7bf1ffef07/1/fm/song/p435488_192k.mp3]{0340c39be973e12acf104a30debf73ac0b809e9f017c90a93dfce4bf45f9e508}
<Kirara (ピアノ)>[http://mr3.doubanio.com/40da0226c08e544c501accde8ee5b374/1/fm/song/p444359_192k.mp3]{bbf854aa639bccdc2f802eb41b1d7a875091f8f2acfd80b6be5b191ae9132520}
<Wonderful Glider>[http://mr3.doubanio.com/f32337bf6d1f6f4e76c05f2b9723fd77/0/fm/song/p446514_192k.mp3]{b070211179bc29d4078c71c7c8af32cae68256c682beb2d63a4f1920573104b8}
<难得有情人>[http://mr1.doubanio.com/b7a776f153565e337e21a67a83b170c1/0/fm/song/p447541_192k.mp3]{4e6c1babe690097cf64370f644f23ab67683d5f8ffa260c56ab681f0a5772242}
<失恋>[http://mr3.doubanio.com/ffa4ea27c97338d026c4a91d81431269/1/fm/song/p447555_192k.mp3]{35430cac92107f791bfe190f4fd2cd6f57c924f710fddd07373cc6a0d2348fa7}
<偏偏喜欢你>[http://mr1.doubanio.com/43452b3b6be72943ab37ed73d3f86005/0/fm/song/p449982_192k.mp3]{2af79ace4096732053b7158759defd03ec72e1eb58ce6ed1c5a5792c104be9e1}
<总有你鼓励>[http://mr3.doubanio.com/1ebd78c4da4c6d1d43547185eed0f69d/1/fm/song/p450007_192k.mp3]{698f1a1123bd703ed34819fcddc00960fa98cfbeb9e15742a804b20b10e21464}
<Gaining Through Losing>[http://mr1.doubanio.com/68cba572961c0200c48b5aeed44b9cec/0/fm/song/p467661_192k.mp3]{ea961d82da0e3a0aeadceaa658db24d8b57c7a993f2c5b08c71806460a0e5a6d}
<世界真细小>[http://mr3.doubanio.com/223ec49a2258621806c94c8366b1b60f/1/fm/song/p471487_192k.mp3]{eca5514e55e8a99f2a33abdea631ed4d4c2e7b9ba3ac3bd8b5bba5c259de6394}
<狮子山下>[http://mr1.doubanio.com/6469eb5b2b728ae8d8fe0b4114a78d1d/1/fm/song/p471493_192k.mp3]{20231cfdf204b6908ac84304f51c1b69d4345808542c6550d6e34c50cf18b429}
<亲情>[http://mr3.doubanio.com/51350b877826093dfbdd57e5669189c6/1/fm/song/p471497_192k.mp3]{fc954a48437cf6adffd0a7bc8c55c2368819eb3ae95513387747bee635eeb312}
<俩忘烟水里>[http://mr3.doubanio.com/e2929362806a336daf4dcd3ac5e7d538/0/fm/song/p471505_192k.mp3]{81eba05498cec6088af826f09864fba97aa5dfbd14eb398c08ad9f0c1710f6e3}
<倩女幽魂>[http://mr3.doubanio.com/3db46c8d2cc76181f25b37a4a43bfad1/0/fm/song/p471520_192k.mp3]{01b7ecc0873cc488503c4ba42066e5890c61a3dc0285e2ba5d6bc5bbddf406e8}
<Yesterday Once More>[http://mr3.doubanio.com/7dc4b2caa6fa7510d8baff9a4c3b2821/1/fm/song/p477564_192k.mp3]{eebaa973486f315818daa8a3520b0032d2725dba2ddbc99ff399a83b4cd33b88}
<From The Love Of A Princess (from Braveheart)>[http://mr3.doubanio.com/7d8d1b7107f3fa5e905ab315c5941c22/0/fm/song/p487635_192k.mp3]{800d7d5e3097f662839df96823eb10b955f77342dcd519ee1d81ef20085e0823}
<Vltava>[http://mr3.doubanio.com/a198c3750fc9f67a9ecef08236513382/0/fm/song/p491757_192k.mp3]{76e6b377ed0d25777c24d2ed52f8a3e03148531debd30163358b270ad966b5c5}
<And I Love You So>[http://mr3.doubanio.com/7418f21c5bdeb0abd6cd1c9765999246/1/fm/song/p497875_192k.mp3]{da963269e3e0a2da842f07e18dacfab7730620e7c2fea4835f30e93edac4023f}
<Candle In The Wind>[http://mr3.doubanio.com/851bec410aad3b343b29a80b3c35382d/0/fm/song/p498694_192k.mp3]{5eb0cc04e12f0c5f0e3aebb4d173fb22b4da10b8024292f9f978e5c1d9c6a112}
<矜持>[http://mr1.doubanio.com/1e897901a5a807f6730ebf0efb4a1eef/1/fm/song/p508620_192k.mp3]{856ebfc3ca9dea883d042422dc49bb611ca12cebdf6788842e9f00c03f870669}
<Blood Ritual>[http://mr3.doubanio.com/de5bfa5d99d22e9749f4cdac91afa553/0/fm/song/p516359_192k.mp3]{4b580ef720a7583a6141ffadc5f57f6d200a41ed5208e457cffb3deff078d41f}
<Buon Giorno Principessa>[http://mr3.doubanio.com/ef2704871097cd231bc5cf9b25ff3334/0/fm/song/p520288_192k.mp3]{0bda82d474ffb473c88d341595ec98a9dc099084280885969a719cc730ce0708}
<In The Mood For Love>[http://mr3.doubanio.com/357546263dca0beeac5dccf9d6f4f6d1/0/fm/song/p524146_192k.mp3]{d03e09bccb7a0e29ef09a54ebeffd2a67c36e96f89de58f6cc7836085918c292}
<奉献>[http://mr3.doubanio.com/eaee1f0a88d4bbd0e9d50d70dc59da23/1/fm/song/p525938_192k.mp3]{42f8114c73cc0ed1b2a4d4eab6fcbf3f080d29924575dc13e27310c151f5d3c7}
<The Hills Of Glencar>[http://mr1.doubanio.com/725612285606de8f27f1121af441a5a9/0/fm/song/p539552_192k.mp3]{59c14f0871b439ee9a073a5be2a18ce2c6d1b43e1f8f7858b020b867d110c1dc}
<Piano Sonata In B Flat Major, K. 333: 1. Allegro>[http://mr3.doubanio.com/4feaf69eb33bedffd89c7a270b1fb0ba/1/fm/song/p545968_192k.mp3]{667c04cafa3a19927be0cf561a52fdd237c8fddf9104534288e0eec838635795}
<Summer Road>[http://mr1.doubanio.com/58d005aae1b66661377c44900ce34652/1/fm/song/p546733_192k.mp3]{d24e90ed0ba6b6de988094eaf024f140a26be63a748a34ae038bc033c084835c}
<The Rain>[http://mr3.doubanio.com/397a52a6309982ed2a695c7c1807f23f/0/fm/song/p546735_192k.mp3]{e13e68376e3d934d7b696517d96abda39f8fa6320f07b67ba7187a2c9de3c5d2}
<You'll Be In My Heart (Phil Version)>[http://mr1.doubanio.com/a3af988813a950b9df5f0af0f747e977/2/fm/song/p547891_192k.mp3]{5c3f99eb0e16e3eb319092831076722adc940461875b6e602164c7b5fd0cd208}
<情深深雨濛濛>[http://mr3.doubanio.com/5e3202d29e5810b5103c071cafb9632f/0/fm/song/p547996_192k.mp3]{62fc16542e008007276e7db838e98894257c7646d700cbc1f3b9fe6a4987abf6}
<再见>[http://mr3.doubanio.com/96c4e3fee05886bf9960dd9468c1bcbd/2/fm/song/p548899_192k.mp3]{5557b8b35d0b4480bffced2eddd37e735cfa219e986e4d0905bb54d4f6f2c0aa}
<Portugese Love Theme>[http://mr3.doubanio.com/d420b6b9f43fc096a268861a1c64e76c/1/fm/song/p548927_192k.mp3]{fddb6deb81ebb2a601783e6a12b7384bc3ed63c3939c10c60419d4ae8edadbb8}
<山腰上的家>[http://mr3.doubanio.com/7c03e22d7b5dac823fe8f1428ce7015f/1/fm/song/p549509_192k.mp3]{a73a1098ebab31aa0d014dff18bf3879febaa19c32f2f47a4e03b410ae3f0c92}
<When I Dream>[http://mr3.doubanio.com/52d46f46ca288ea39e51e56393c4bbd8/2/fm/song/p551188_192k.mp3]{e1c15d7ac9fc8f9c0d23ecd215d5c49fdc64dab992f842e78a87569ed0df7c5b}
<雪の駅～One more time, One more chance～(from『秒速5センチメートル』Soundtrack)>[http://mr1.doubanio.com/9a0c0c37471e3ec3e1de267fb3041f7f/1/fm/song/p552237_192k.mp3]{a5ea36d85b67565758a8a0d52bb42d5eefdf74db428adfff93812cbbc3912305}
<SAY YES>[http://mr3.doubanio.com/a9079b0bb1468f90f96d0c0d1e133edf/1/fm/song/p559658_192k.mp3]{f860b313373c768af46155e61cf8eefe837b2dc2ecd04b206e47ddf75208995f}
<プラネタリウム>[http://mr3.doubanio.com/2c7eef1b56528a1acc04655b324ab2f2/1/fm/song/p559814_192k.mp3]{c38a5c3ddf00196dc883dba34bf43ce0b4624138698acf620d28937b4e801691}
<Pomp And Cricumstance March No.1>[http://mr3.doubanio.com/990a698b17a7c87c0b0b005597939af8/2/fm/song/p561945_192k.mp3]{7e59477380e56af33d73b9a8b3395fcee5e0c575f8816ea853679f01074ddf16}
<Tchaikovsky: June Barcarolle op.37>[http://mr3.doubanio.com/40f966a14a12917e93410156d8043269/2/fm/song/p568389_192k.mp3]{bd78c1ef2f3ad49f4d4b976c5086b2de6897a9683c857e6872eb8793fee90c07}
<几许风雨>[http://mr3.doubanio.com/79f564bab2226bd620663c2d524d1fe1/0/fm/song/p569637_192k.mp3]{65a85056aab163029b3e7120b9eb3480c9dd5c8098bf0b3fc72cc2012d730627}
<Endless Love (duet With Mariah>[http://mr1.doubanio.com/d740636f9e1f88fb92879edefef229f8/0/fm/song/p577252_192k.mp3]{371101e1a5d15a1c0b4692d235d232cab5d20a9e5df10df608b385b724b7dfe1}
<At Zanarkand>[http://mr1.doubanio.com/57685b2a6a6f4d70227149c8abdbda8d/1/fm/song/p577640_192k.mp3]{bac22007b0045fae997f3f0c454e1276842ad889fe23c44aa3ad4a7336f0eaef}
<Suteki Da Ne>[http://mr1.doubanio.com/c7b0270bfe016835fccfe3a4ebb0081c/0/fm/song/p577644_192k.mp3]{7f77df6f424abeb3281bab77222a13d6ce50b738b8fee5180b68f6635c291503}
<Bring It All Back>[http://mr1.doubanio.com/6200aa0d1a36818eec57f64c5a538a29/0/fm/song/p581042_192k.mp3]{b81bf59b8481e62303994373f46bd9428f5cc0264171b1d41d61bf7f3db34028}
<我知道你在等我>[http://mr3.doubanio.com/0570c92e1e7b29930160f88ccda8c11a/0/fm/song/p582219_192k.mp3]{7bac6ddcee81a14a643545e304276db131b63321e3a0841b40158b7c9d0a6d23}
<哭砂>[http://mr3.doubanio.com/9d822688f6e0a1536a95a196b2351694/0/fm/song/p582738_192k.mp3]{13ab05fd65a12c19565a67c92b8350cc528261ec8af8bac2e9d0ffa128aab307}
<心有独钟>[http://mr3.doubanio.com/781aa19d9b0cf18814b7bc1b34127a07/2/fm/song/p582807_192k.mp3]{eeea934edbe95ed27549f09d05d69f89ed0ae40edb9d55ad6b07015750e6c84f}
<Piano Solo>[http://mr1.doubanio.com/fc31f38ab0cd8300a3870206165f68e7/0/fm/song/p584081_192k.mp3]{b0f3dc302f084559462aeb5c68b353ad0f27904acb07a70b21db6ff2bf360d89}
<Angel>[http://mr3.doubanio.com/1f1614574eb1afc47e4abfa251b89548/0/fm/song/p586354_192k.mp3]{b99ed0b6cca8611a02b7afb22587a34f1162bdc8d49e8994dfdbfa363fc10846}
<Moon River>[http://mr3.doubanio.com/cb3f1f7c5484d93ce15673693add9485/1/fm/song/p586367_192k.mp3]{c7826eaaf3bf9139ac73c53f8f81483531e5604737bdbe68a364879797d3ec7d}
<Smoke Gets In Your Eyes>[http://mr3.doubanio.com/9f7394182577f1204fb11d31f55019e5/0/fm/song/p586375_192k.mp3]{0858b4a4b236f6e3ffdb5fed0023fdcb3c55c87ba64fa2ef9075ee4138991ac4}
<旅立ちの日に···>[http://mr3.doubanio.com/a4155fc5cf68336208e36c54b164ae78/0/fm/song/p594767_192k.mp3]{25db9c45b6488f43a8f1674d391380278f204662c1aa2363b8ec9bd86d465a8b}
<Eternal>[http://mr1.doubanio.com/e049115d2f955e107215c0f2a32c561c/0/fm/song/p595862_192k.mp3]{548a89fb9647103ed11bb0873bd5fe4886da2881d04c6c2969d1eb8331282fef}
<Sospesi>[http://mr3.doubanio.com/b0b058d735c1dab4e7e632a7b62a9616/0/fm/song/p603545_192k.mp3]{90242ea0a5fdb99f5461a8670f64f7a54e37e78c27b298e520210229fb27f34f}
<从未试过拥有>[http://mr3.doubanio.com/f2c677fb75c1f95545ea0f2f5928e8c6/0/fm/song/p606249_192k.mp3]{31ce80a4c46f2a7a4528f9be5ecd9b1fdb37fc8cc9793053c2134b0a3d3b60fa}
<婚纱背后>[http://mr3.doubanio.com/3b634f459f8d35ad062d97fd228b2033/0/fm/song/p606285_192k.mp3]{f0f9f247fe4c0b9654bd3cfcf63c9b18afb135e60a9b3a4709eb26319ffcbc6d}
<两忘烟水里>[http://mr1.doubanio.com/43ac93681eadcc4e221186f024a0576f/0/fm/song/p606292_192k.mp3]{790f433e7a6c6145a885ae399e29f65b59f56bb3a46aaa39b3e3077d6d280207}
<还你门匙>[http://mr1.doubanio.com/b1bdb7bf9ef022b4b3f7c0871a20ced5/0/fm/song/p612300_192k.mp3]{3595435ff1f54d4ea281e7be72c5a8e22b0eb381e34ea5a4e5733c2a36e94846}
<Big My Secret>[http://mr3.doubanio.com/3d963d930f1e5c099d0eabab2c9b10a1/1/fm/song/p626979_192k.mp3]{119b91d696f5e2d7f76e2ae5bf22e3ba7ad7e21f129382b3e6d9d1b44e14c349}
<The Heart Ask Pleasure First>[http://mr3.doubanio.com/6fca88d50fa91bb49918e11414eea7bc/1/fm/song/p626982_192k.mp3]{e5370a4e66ac91039faaa7d65601dc1dd6f3e7798c72013485c8167bf8f27f17}
<I Don't Want To Say Goodbye>[http://mr3.doubanio.com/2f479f6073288a1fa7feff66e3b91cdb/0/fm/song/p627008_192k.mp3]{e9f6a9eefadac37ef72445ab8fd901849c7f072bad090f4c64548dcb89ceed0f}
<Theme From Schindler's List>[http://mr3.doubanio.com/d6afd7e6ae6ec0a30fe8631a4c62fe8b/0/fm/song/p642358_192k.mp3]{7a26aaf4d4f2ce6eb474c3643b8f63c01c95c3ee6a29a9215cec96e7275e0c12}
<Remembrances (with Itzhak Perlman)>[http://mr3.doubanio.com/13cd216016a9ae7c8fc111e6e905eda7/0/fm/song/p642369_192k.mp3]{168f77632873736e3797d8af7fc0c0fbcbca5d3a96fe2aee339b9fc1c5e0dc97}
<Wake Me Up When September Ends>[http://mr1.doubanio.com/b38bd2a8d21d195f3e69907b8fdc3621/0/fm/song/p642472_192k.mp3]{2db0d740c3ca0a1ce50f652faf9352a3026bd18c572b2be972abfb3fa3136c73}
<There Were Roses>[http://mr1.doubanio.com/3339f37b787a78b6bbfe83952b9f7857/0/fm/song/p642803_192k.mp3]{233ca9f20883a00e4aab1b0c60ffd019ad5a6f43ae4df5aea3fe100164e94c41}
<Forrest Gump Suite>[http://mr3.doubanio.com/fbf287d6bead26a394c93b6a55b4b28b/1/fm/song/p643476_192k.mp3]{5638060579da79395a50fdf3b5a053128f39f9e8c8e84a6d7f1f57843718d8c7}
<Prilude In E Minor, Op. 28, No. 4>[http://mr1.doubanio.com/1846720798de49bbcbf86e9400e5701c/0/fm/song/p643512_192k.mp3]{4c9c9f40f1e3c292056b3ada8e512b7b7ab8c4251001a274fa1227424548053a}
<粉雪>[http://mr1.doubanio.com/a0b884ea72d56ff91f3bfa381ab2e94e/0/fm/song/p661200_192k.mp3]{d871b1b1035edb8e1f32a90431eeeeeaef37e6ef3802745deb057c55897efa0e}
<孫文と慶齢>[http://mr3.doubanio.com/ab28f21fdcaeb823aa5787fb0622ecd7/1/fm/song/p665045_192k.mp3]{25a43950ddfd52c3454278500269141768b57e4d7a83c0e6baa43c98b73a536f}
<孫文の遺言>[http://mr1.doubanio.com/6541cb8231c63a14bf0f91262511f16c/1/fm/song/p665052_192k.mp3]{e8c8dd991463fc12373ed121ce6912782896f320d6c7e0154b9c13422ba9e6c4}
<Canyon Nights>[http://mr3.doubanio.com/5765deaf9575d12e2509f630c9e2c3ec/0/fm/song/p665245_192k.mp3]{5f03975d4777ee97c36c59e5459523c358dc18a0fe4ab0f0a55a70680f51ab49}
<揺れる想い>[http://mr3.doubanio.com/b64e0bca0aaa1db0953ddff471093c43/1/fm/song/p665339_192k.mp3]{bf2acb83b0d6074bddce19cd5f33f015ddcaff77169830311f10f08977702c9f}
<Tvエンディングテーマ>[http://mr3.doubanio.com/9b93950704c512e37d7f964a3502855a/0/fm/song/p676677_192k.mp3]{60ecefd04265b4f24643144391d5331187246ceb32f9e4b7f13d4010bb0afb4d}
<Desperado>[http://mr1.doubanio.com/34a0f888c92a5226319567e07803d8bc/1/fm/song/p679290_192k.mp3]{e2b45426281b7a448ac85f05500019cfeccb2eeaa4a62ee65341ec0c9cf5e29c}
<Nearer My God To Thee>[http://mr3.doubanio.com/8e1043b5882fd078662ad27c94482dd1/0/fm/song/p680286_192k.mp3]{36038e757ecc06a8a3b61a836b615fd3ec1eab06de42dc143ba9e5f74e607887}
<追想>[http://mr1.doubanio.com/355ce673eca8c13823255964939caf92/1/fm/song/p680300_192k.mp3]{af54df4fcaf7f6cde24930b6bc3e02ac211c77c4d6054c52d4ac64a5e9e43c8a}
<明日(原味版)>[http://mr1.doubanio.com/bdcfc936563fbfb10f96916fc5005972/0/fm/song/p680320_192k.mp3]{35fa4d0db663671932a74c7ce1f5a02f72e354bef88301530b4adc95c9fb605b}
<夢のしずく>[http://mr3.doubanio.com/09fe0a1126ae8d376a7a656131d06827/1/fm/song/p688649_192k.mp3]{f8e4119e22adcb8574295439b4312c455111d8cc4e40f9e724ac4f634f507948}
<Pearls Of Joy>[http://mr3.doubanio.com/13d37f581ab560bb5f74f0d1b1bd2bda/1/fm/song/p689489_192k.mp3]{adcde88254cd90ba710a0e75760f1975d1fca27b91cfe2f8364e570d073c141b}
<Variations On The Kanon By Pachelbel>[http://mr1.doubanio.com/7e2f38d548c4f06daecb05db929e7334/0/fm/song/p694041_192k.mp3]{a83c20c0bdaf4eb829dc1d0a4f0980983538641891e2f2a2317100516c6e7dc3}
<Better Man>[http://mr1.doubanio.com/617326dd17bbd8851f2f14ecc80263e2/0/fm/song/p694390_192k.mp3]{42bee3fb3571e09b530e809e759413f6f013bc03b222553312381edd9c9595fc}
<阳光总在风雨后>[http://mr3.doubanio.com/8f0b8c751f9201249a18dc7010115257/0/fm/song/p695709_192k.mp3]{bf00c9ec12db7b65befdf0f40fc4b9b11be26534ca74c697801609169a83f76e}
<Il Mostro>[http://mr3.doubanio.com/57627642df5a6e5da430b6bba9374981/1/fm/song/p696756_192k.mp3]{dfb686bd33ebe54276dfad12465d97d26e6cc46f858bfab944aed50169ec228b}
<ひとつぶの涙>[http://mr1.doubanio.com/cf25dd6b0a5cb1f3dfec00b0668ca6d5/0/fm/song/p696932_192k.mp3]{feaf0ab84830edd714af85b966eea0675e7a825428dfa31f896a7e434bb34967}
<Best Friend-album Version>[http://mr1.doubanio.com/a0edb5328f336c767b037d105bcb651c/0/fm/song/p696940_192k.mp3]{21719998bb78ce63a6e893065e9c778384b895ac8b828225d3e5a023e3b27f21}
<まいご>[http://mr1.doubanio.com/768e1bb0e13040897d21d669c6e43d79/0/fm/song/p697123_192k.mp3]{c2f65d8ed0cc3db0e9506f6b2fa13c38357794ab9ef799095839bbe5c7ef729e}
<雲のむこう、約束の場所>[http://mr3.doubanio.com/eae861dc4c2fb3006473fe6df48966a2/0/fm/song/p698084_192k.mp3]{cc908de3c8cb1802bae16092911f5a64c8a5df5a851b361a90bc1ad798aaa596}
<Always With Me>[http://mr3.doubanio.com/bfdf11a8a2f00df2a7ced250ac31af2f/1/fm/song/p702069_192k.mp3]{873a2371d90bb728ff718bf755b8dbdd9e34de49657e72355653c20b2a21faca}
<Bridge Over Troubled Water>[http://mr3.doubanio.com/55fb5ed906c054e363eb4a47cc9318c9/0/fm/song/p702076_192k.mp3]{e759e7b6c5abf7a5cf3419d9e6a95093085f92bad4f32ff025a2f89247424882}
<Parting>[http://mr3.doubanio.com/52595bd9aa99454fc3a0688f91e67ee7/0/fm/song/p703744_192k.mp3]{ee0cf754b41e05055517bfd03d21cf9b48e3a5bd5aa605ac375f55d6ba429e99}
<桜色舞うころ>[http://mr3.doubanio.com/6973fb242468957b59c8378edf31f22d/1/fm/song/p703957_192k.mp3]{4940cae892952951a176fb3e374300bd7d8724afdccb8b85ca27c25cb791643d}
<데이지(Daisy,Inst Ver.)>[http://mr1.doubanio.com/03dcb64572bd59352cef61fff00b29ad/1/fm/song/p704480_192k.mp3]{655b1329a942f73d9cf1d09a02f9df8abd3d06367f1c7faa4026e61e18705d14}
<첫 만남>[http://mr3.doubanio.com/8bc3405028aa1e94d999dccc12974be8/0/fm/song/p704484_192k.mp3]{dee993eedfdbdd76848d0d044c99ef26c8904e3cf027d9c7ce768600e2694c6e}
<망각>[http://mr3.doubanio.com/25266587fcf3e5155f5ec4ba76e34c6c/0/fm/song/p704487_192k.mp3]{e71a87d23c7e1fd8b541e32b89922cf2ff874ead148d55b7d16cdbefbc71c21d}
<Listen>[http://mr3.doubanio.com/11a52d727d22ee8e5778f6d09c2417e2/1/fm/song/p705218_192k.mp3]{66d34e3555b173d6982ea408b5079fe05d4868cc98f73dc450caee7206026afb}
<流光飞舞>[http://mr3.doubanio.com/d50086b9d383aa6ed44f797d401e2b75/0/fm/song/p706478_192k.mp3]{34bfd3868f9fbf3d82e6bbf029420db2725b6446832345b09a42a09c2a360d15}
<B Flat Minor: Larghetto>[http://mr3.doubanio.com/4b9586bc553a8c9362b90010e33ade61/1/fm/song/p707628_192k.mp3]{c062b2a680fa8e86dd59a258053fa588504e9df558a10350770efbbcb230196a}
<Somewhere In Time>[http://mr1.doubanio.com/a692cff69e280c7de220bb11075a2df7/0/fm/song/p707632_192k.mp3]{a88948d7606c003d2dc82d7eb2e1345af7abe4c67ed0f33b3e4d1c769a57f533}
<The Old Woman>[http://mr1.doubanio.com/462ac788081cfb7be99768a600da7ce6/0/fm/song/p707633_192k.mp3]{cc6ff6557aa5e4a476c8920581d433814a248f39a1bc1389edbd7d60c3097f8d}
<Summer>[http://mr1.doubanio.com/fc59d952a185f2ac837163ed9d51b60b/1/fm/song/p707643_192k.mp3]{20cc592ad343c055437571228bb72920e156ab0f496144c0a53edb8d9b82a538}
<Love To Be Loved By You>[http://mr3.doubanio.com/f2675cf804da0c3f9f7b80386df0b673/1/fm/song/p723297_192k.mp3]{9c1a61a5d24140e785fc4b202602798cf27d5373b65654b7259b6582357cd658}
<Top Of The World>[http://mr1.doubanio.com/7157278e30b40bebaefb606b4edd2f9c/0/fm/song/p723593_192k.mp3]{02500e5cbc042776133cbfe4b1a88b5d13f043bae70fc295458a482d89bfc434}
<Jambalaya (on The Bayou)>[http://mr3.doubanio.com/41f0c6409239b1834eb24fe6aa631456/0/fm/song/p723597_192k.mp3]{abd51a979573cbc46ee1261f320c6e849565d7636f2e956d3a08657668b0dae9}
<(they Long To Be) Close To You>[http://mr3.doubanio.com/4733340da5132e2cd962b2faf0aa7f6e/0/fm/song/p723616_192k.mp3]{09f5b84a8347dccf5de80da00c3b7ccbca744334a1a1d8268ec0344f6e8c8b08}
<Make Believe It's Your First Time>[http://mr3.doubanio.com/3e2bfc7c2d2fd8bc72c2c0c14b846a89/0/fm/song/p723619_192k.mp3]{edf743f50bc28900701861c6e73758e03f09134bba686d926e6e7452a122bcda}
<相见恨晚>[http://mr3.doubanio.com/133e329b29a23e5cf97ac8f407cbc183/0/fm/song/p725787_192k.mp3]{dbfc8bae72aa482838200f2d39e2fbdb90f89751fbe276b5725cae909deea506}
<Suite No. 2 In B Minor For Flute & Strings, Bwv 1067>[http://mr3.doubanio.com/6b62fd236872006ef97d92db629e1f7a/0/fm/song/p726593_192k.mp3]{aba33baddcb1c9d60c0bab650f1e4e3909e575ad39fec83eab6a94514e3d550d}
<あなたが教えてくれたもの ～愛のテーマ～>[http://mr3.doubanio.com/ce6b2f924718b85541e30c71d16ce912/0/fm/song/p727836_192k.mp3]{e61510a0aef4febe4d0163954d96bb2315c3dc678f8bdd43692555e2431bfcd8}
<生命ある限り ～サブ・テーマ～>[http://mr1.doubanio.com/ca370fa363bb1a6559c913fb5a0946f3/0/fm/song/p727852_192k.mp3]{e7aa09499c9c0c3d4e7bcd7c4ad5d1739097e9bca63e23a10cd80d6a8b9cf84e}
<Moonlight Shadow>[http://mr3.doubanio.com/16f70a59b5200b450f0ecf63d0d48094/1/fm/song/p736432_192k.mp3]{ecf3cbfa8f0b005a37727e96b776c56da98fe416b5c6b44975e5af6befb4d331}
<I'll Always Be There>[http://mr1.doubanio.com/c671a0c4de2551377406f433144fcba5/1/fm/song/p736433_192k.mp3]{ab6a2976b6316926c37c43866f053ede5ca871f2651bdf7fdad5bc0427cbfa48}
<Vincent>[http://mr3.doubanio.com/1b327eebb8c2d6a92ae7c55cb755481a/1/fm/song/p736437_192k.mp3]{710fa55a6c49cec06709043666d32444775d13fc11d6d281e747d2bd3349c20b}
<Nothing's Gonna Change My Love>[http://mr1.doubanio.com/f991fdaa07b2b431536193eb934d8c3d/1/fm/song/p736438_192k.mp3]{d5d2c09d79abbde558ae5ae770635ba0f1d87730de32d41afef77aa527f79fd5}
<La Soledad>[http://mr3.doubanio.com/fe99ffadea74770a44a888ab9ad58976/1/fm/song/p745259_192k.mp3]{6c1bf044e412b7a2afe9d17163f31124fec69d14fa76a45814508c5f6f045667}
<影法師>[http://mr1.doubanio.com/9aafa7ee5f613ef18f5fbe3654fe5cb0/0/fm/song/p747770_192k.mp3]{9ef1bbf1fd3219744e2a45b4b17d861f157483013222c6355895d99d87a9d941}
<さんぽ>[http://mr3.doubanio.com/3a839cb4f3a0f6046792cd3cbb0b4052/1/fm/song/p757270_192k.mp3]{130ae79263865c93ead09094bf73ee331fa088cb8d1fef58ba7e0b679cd281c3}
<めぐる季節>[http://mr1.doubanio.com/245b9596d6997c3358350a29101f2370/1/fm/song/p757274_192k.mp3]{b31d20170ce11021a52b3e52c75c3affb35b9149f816725e7abfc375671dbe2f}
<Le Theme Du Violoncelle>[http://mr3.doubanio.com/3f7d23c6946f43b95a1cc0c39f5fdd6b/0/fm/song/p757428_192k.mp3]{de8b19807e0a1ee05acbf1bb7f3b05d94f45457189f13f01aa3692e1b7289d51}
<谈情说爱>[http://mr1.doubanio.com/d88e39a4507f7553c1edf188dd2a2b09/0/fm/song/p758570_192k.mp3]{e022dc74479c8fd0e192979630f4d3e72ca6ba601b144d0066cbe2a6c758921b}
<有多少爱可以重来>[http://mr1.doubanio.com/f0c4cbec8ae4a7a54a821f996a94e974/0/fm/song/p758752_192k.mp3]{460e2a4a48f21b3bb5d3f63958007bd3130d8e38ba76624d1182b2423d965b92}
<Pour Chopin>[http://mr3.doubanio.com/117a541e92558654aa46b6127c239794/0/fm/song/p759186_192k.mp3]{6c5207aaf5bdcfff4f60fed9ff700c7d531b0f10e3513c05152270e73726683b}
<涙そうそう>[http://mr1.doubanio.com/7496546102c7c2234d850f3efca709a6/0/fm/song/p760050_192k.mp3]{2a8cf840659778dee6d382c5468863943a7ed74510f38c978ca2c7b21a900d31}
<电影《我的父亲母亲》等>[http://mr3.doubanio.com/cc5fae9661b498e0279d3452b7c2f257/0/fm/song/p760484_192k.mp3]{4f703592b9f9460eb57e36bd963ef925acb2c3b6f1cdfc56e3828305b40054b6}
<Memory>[http://mr3.doubanio.com/dc3bfa3706fd6a25b535fe636e4ea34e/0/fm/song/p764855_192k.mp3]{360542646c646359b0aff5a39e9cb46f6b5a6f545f6a4a192cb66cfbbaffd650}
<Beauty And The Beast>[http://mr1.doubanio.com/14357aba38bd5388aa6e023b239b8ba3/1/fm/song/p768390_192k.mp3]{49acea07764b96ebf10059b986520cddcbd7f829d01300feee5248f05fc40b91}
<Beauty And The Beast (duet)>[http://mr1.doubanio.com/2b420daab5c5c419fe05a0e068962261/0/fm/song/p768396_192k.mp3]{d9b215c51348bebac849b03aad3bcefbdfbbb6d1d98cd7ec3b64df13c2f36fce}
<Where Do I Begin>[http://mr3.doubanio.com/554e0bccf4373afb1023f9d25f3ad589/0/fm/song/p768804_192k.mp3]{54a4563df27f017cd083f89cc7c77f0b5c93d4d52373f9871cd8057a7b8539c2}
<もう恋なんてしない>[http://mr1.doubanio.com/a9404b72c9f8a03672365d79e482d76e/0/fm/song/p772301_192k.mp3]{5eb458b9b9e4cd55db9eb70ef0582a11375712bbc191a230b43e04fb45163b6f}
<We Are The World>[http://mr3.doubanio.com/36887067d66e2f1f32db38a595161165/0/fm/song/p774458_192k.mp3]{29f3cd5a8ee8a344e9bd79258a75b5a157a0274b81fa865b5af337b143b6a41d}
<我需要你>[http://mr3.doubanio.com/310a8df0b9c3c117cef001a15de607b2/0/fm/song/p775024_192k.mp3]{33f7ff6751c455074394e8962519d7371d6692608dd7072225413d99e025db82}
<サンタクロウスの空>[http://mr1.doubanio.com/2b11985fcb7c425e068b5db4a84e64d9/0/fm/song/p776022_192k.mp3]{575065ebbd301535ba747cb88e019a46641015e8fe747987d184d0dde7a2f49c}
<感冒>[http://mr3.doubanio.com/87f67e6a5353100a456e16301ba776e1/0/fm/song/p966128_192k.mp3]{c450e0e4c8857ebd9a5ef11c0f9305b1444648f956cebb3100419f682ed2a14f}
<明知故犯>[http://mr1.doubanio.com/adb07aff2911022f178f74d5ef10fcf4/1/fm/song/p966130_192k.mp3]{cdb2d02d68b30428f8e3974e39e277d88b210f61b746cf0a5112f047e6335cc7}
<暗涌>[http://mr1.doubanio.com/9221fa33d04a8d19fd28c6618482db5d/1/fm/song/p966132_192k.mp3]{b3abed56b829056b90126f05d5bfdefd0a4ac3319ecd355ea1ab86afea4e01fb}
<越吻越伤心>[http://mr3.doubanio.com/45d92bd9ad4aa8de2e9bdbb1f98c1438/1/fm/song/p966135_192k.mp3]{76aef663a8fa75a7b2bc52e978c79a4eeef9bc859cee90684cdc65da28aa02f1}
<爱一个人>[http://mr3.doubanio.com/7eb87f66ee9db3e6bf559da19759a777/1/fm/song/p966146_192k.mp3]{4ee0252649afdca398f76b996d2551a593bb1b6dd47c52821cb761eea9ecfb00}
<Heal The World>[http://mr3.doubanio.com/8444b5ed75d67280f457fdd8ab5e9cb7/0/fm/song/p967054_192k.mp3]{1e929452ea3f99c38db0fb80f1e7d4c8fbb667ee3914b7ddb2b64c0a60e5677c}
<宋家の三姉妹～メイン・テーマ～>[http://mr1.doubanio.com/7725d1eea401de28182c06b6c768799c/1/fm/song/p970583_192k.mp3]{9aac87d9ca8a0b4e9f5d2a0228b5538037e681a924afc2bfd099fe4bc1bd7816}
<涙の物语>[http://mr3.doubanio.com/5575d54dd2aaffb7ff0161d0b53ff5e9/0/fm/song/p972416_192k.mp3]{65cbb07b8425bd2b313a83d79f99abf3bad0c112462d30b1669e3e1da999025e}
<Ready For Love>[http://mr3.doubanio.com/60593eaef85e9abb0b61e7860cc96174/0/fm/song/p973177_192k.mp3]{0c0103cf6f4d276535e981a4540fe910728499587e146a5437fe9127776c98a4}
<You Raise Me Up>[http://mr3.doubanio.com/bc467e9b1c3c3ce3903bf9e99b652f03/0/fm/song/p988598_192k.mp3]{860eee32eab2b7563ee4782869898d812a6b1895521ee5b79b77e065db4c51fb}
<想念>[http://mr1.doubanio.com/9cbb05b656e2e5b109aa5fb27b3c8abf/0/fm/song/p990342_192k.mp3]{37076b03380e7c0a72701b26d41df466647cd605e40c90f744471b8e856b59cb}
<You're Beautiful>[http://mr1.doubanio.com/a3bd3e6917b62b20fe758f2616d6008c/0/fm/song/p1000411_192k.mp3]{73c4a71bf75cd274dbf730414b26b95e6e97a447501b17ba2ee22a2f94abbadb}
<The Edge Of The White Rock>[http://mr1.doubanio.com/a0eb4fe742faca723eccf83cb0c2bc1e/0/fm/song/p1003081_192k.mp3]{c6bbdb196dfa36ba3b318040ffb03582a0efe17f2edfa5b6c342307b66a436c1}
<Because Of You>[http://mr1.doubanio.com/52e4639281c689437cb74f7f4e69daf8/0/fm/song/p1024291_192k.mp3]{cc350b947bf4c1f900155c70a7de575c50f8f7a35dedca65a6d49f5bf1d76257}
<Main Title Theme (the Last Emperor)>[http://mr1.doubanio.com/70b856f9fdc14dfb848752aaf8992fd1/0/fm/song/p1029141_192k.mp3]{02722e16b54acc080e8ba798c3bb9905a31adb2b64ce719ece23b1cd8799129c}
<小小>[http://mr3.doubanio.com/b2c95c03ff88b9e6d0313e3240b0d1e5/0/fm/song/p1038547_192k.mp3]{ab13e0d0e3a7d4efa738e3dbed022b674ae72370cb64638ab5a04ab88832bf0c}
<序曲：天地孤影任我行>[http://mr1.doubanio.com/0f925013cf400efe28f158ae71cbe580/1/fm/song/p1062772_192k.mp3]{458a2416b0031074dcacba8dd8223d74d718252bf69a1fb163d8af433b0d71ca}
<The Power Of Love>[http://mr1.doubanio.com/34d418c422500f70e3b83354a6822ee6/0/fm/song/p1063888_192k.mp3]{fbd21490e20dfa7778e0d4dfbb7a95c3f3d3c59dc1580b6822f19bd4d9e988f2}
<メインテーマ>[http://mr1.doubanio.com/3fdd6616b248af77da1c89fc472e96e9/0/fm/song/p1064923_192k.mp3]{d7be7eefbd88818f3450cb6effd1e217ffcfdbf136a517eaa79b8690bbe6f436}
<月光>[http://mr3.doubanio.com/27bd269e705b1f067be6dab6eaa9d4f7/2/fm/song/p1068295_192k.mp3]{12666debd7c52c58ad2cd7498e5d8c213f33d79e85f780efe8ea7029aaee5957}
<铁血丹心>[http://mr1.doubanio.com/38a2f6ae85bf5bcb895714c15ab7d4dc/0/fm/song/p1069795_192k.mp3]{192c4797b5c4e56b36f85ff4b2d804647582992ed679efc3af468ecf631f1188}
<Teardrop Waltz>[http://mr3.doubanio.com/41baabce85e81d45903388c7a7c1480a/1/fm/song/p1104339_192k.mp3]{f7e28132aed700d6d51f7530e4d530d08f17d4d7ddad46b48694aa4c0d5328cc}
<梁祝>[http://mr3.doubanio.com/4a4d508e69b1a88ae1592f0da258354b/2/fm/song/p1119376_192k.mp3]{0a914ea34748ceb6e42b0122093cee21584bf6ed40c8357e5ae10bb1e304c336}
<真夏の果実>[http://mr3.doubanio.com/0cb7ca4483e77ce05fbaae6da318ae98/0/fm/song/p1129236_192k.mp3]{345d34a1f57a98b12d15f1c40068870b5d8616574b57b23f1909ffdf6d20a62b}
<忘れ咲き>[http://mr3.doubanio.com/a7305c18952eff118e86d91e82186de0/0/fm/song/p1131777_192k.mp3]{f0acac8e257d97c8b0a23093f0e794cbbeae907b8130e02987fda8e0f2021210}
<Farewell>[http://mr3.doubanio.com/88a7000b806e85139c56b469427b2af1/1/fm/song/p1380919_192k.mp3]{837a79c889df5362588a4b28fd84c6bd1954f361582cb0641bbed8dfe43ccc9a}
<Elegy For Dunkirk>[http://mr1.doubanio.com/83574e9fea5fa8381ed34d081fd47005/0/fm/song/p1380923_192k.mp3]{9bb11797d79d123ea346a36ffc6a639b1e1366a1481bd0c4a916a5bc9b1b34c8}
<神话·情话>[http://mr1.doubanio.com/bcd81bb43da5ef82341deeaf4574b8f0/0/fm/song/p1382081_192k.mp3]{bd9706b465e7ba6f8da6d4878c867cc189c3c09bbd570bd17929fd9b9c57a348}
<谁叫我>[http://mr1.doubanio.com/8e0f5d334e1a0073d1e8a0e6f4eccc90/0/fm/song/p1382083_192k.mp3]{9c434c8d8ba322335730d3e9063168e521983deede8db1e3e8d636af116bf2cd}
<无名份的浪漫>[http://mr1.doubanio.com/8bc59d3d81d8d26db61487bf5b5223df/0/fm/song/p1382120_192k.mp3]{66eb7d5e8797c1491b71739a8fff8fe6ea2440c33f3c180ce3666bc095b6bb8b}
<她们的歌 (遇见/记得/我也很想他/人质/天黑黑/真实/我要的幸福/我要快乐)>[http://mr3.doubanio.com/ff0a0720574ebd2c4e91b12b6c4cd45c/1/fm/song/p1382314_192k.mp3]{9c490b97616be4b23e56c3298f82ff5e402200359e2db6b7ca4ac42c632bd93e}
<Betrayal & Desolation>[http://mr1.doubanio.com/fc40c484ae9c359d98556330af8c5687/0/fm/song/p1382373_192k.mp3]{0f8bf61c5390ac8b9fc0b542077513d98fad5f9c1313ff11e97968e72c1d00b4}
<おくりびと~memory~>[http://mr1.doubanio.com/378c30c09381d6977fd3df7a8690ff40/0/fm/song/p1382521_192k.mp3]{54498d0de22019373250a5a7455734806dc946045210b680e38eb1ec61bc6e78}
<我在那一角落患过伤风>[http://mr3.doubanio.com/40839fb36192e41bd21b0d5a2dfbd9f8/0/fm/song/p1382586_192k.mp3]{1dd9c06cd9da03ce49a4f3b3bb5a83f1c0746bc885e5d63a14a31c5ccd5b38a2}
<별 星(Original Dialog Ver.)>[http://mr3.doubanio.com/328bc1be34019a2334093e101cefec13/0/fm/song/p1382648_192k.mp3]{ead8bee72350217704dff3b365d0ab9843b1de91380417dc8d3c76f819598e08}
<金魚花火>[http://mr3.doubanio.com/39799774778586e5e1337ea15b103aea/0/fm/song/p1382878_192k.mp3]{b3a004d2d68e9244b4805190318d19f1fe3707675cdcf29a7debbef136e88725}
<夜明け ~旅鳥 (Piano Arranged Version)>[http://mr1.doubanio.com/e6938ba3e302e1e5bdc399fb77f2ee8b/0/fm/song/p1383190_192k.mp3]{4934bbfd175649d201b944bdfd76b01822fa15c6ed6c14011aa0bb32d4e72494}
<Heart Of A Volunteer>[http://mr3.doubanio.com/e415e1fd7d3b01a3b676a0cccf36d6d0/0/fm/song/p1385234_192k.mp3]{47c69ae5288319e6a55a4d3f2585cc9ababaae29b5c55e42ca83cdb2abd34191}
<Prelude>[http://mr3.doubanio.com/74fa10278e5dd7769afcff83ffdcb91d/0/fm/song/p1385355_192k.mp3]{64b8834050d432dc41d35b2938b63ad9f17c5f149c6a88a12166bb8a223368b3}
<Love's First Smile>[http://mr3.doubanio.com/6d891a2750c14ae5ab090ee6036a1a40/0/fm/song/p1385507_192k.mp3]{a4d5a21d030f8b7c1c7b9737fbdf3d2fd338bc3a9efa9d308429ea121025b1d0}
<Autumn Leaves>[http://mr1.doubanio.com/030b87d31eeaf326dedfe021c402ff83/0/fm/song/p1386830_192k.mp3]{4a4024d68ee29b065cfcc579eae78f0787ad13aa41922952230f280ab71e5d60}
<愛しているから(Sincerely Version)>[http://mr3.doubanio.com/25faaaa50dfed14a05ac599285dd088f/0/fm/song/p1387496_192k.mp3]{09ab39b6aa8e7d8f18ee2f858f16463d12b69716fffb58ba0adec74fb3f55380}
<海のおかあさん>[http://mr3.doubanio.com/ca37b6838e90edd6aa9107662bf02183/2/fm/song/p1389067_192k.mp3]{38b675c6092ef08b8da8bf11f58f0ef92d13c2df0f5d6f8db69e725d87d5f2b9}
<発光信号>[http://mr3.doubanio.com/224aea25a848c4ffe03448a54b67c7cc/2/fm/song/p1389069_192k.mp3]{a5ec903a4d262dbbfce62bd8379144efd61d00c155997847ae946027fa160862}
<ひまわりの家の輪舞曲>[http://mr3.doubanio.com/0041fa8d87528099bb48426b64af71a6/1/fm/song/p1389077_192k.mp3]{1cc1d7df2dea9d1f6a8f32f74bbf8542a9479b04a2bd67371db720a00b19fbec}
<The Mission - Gabriel's Oboe>[http://mr3.doubanio.com/3eb5395a5f6d9a67aa74071b0584fe7a/0/fm/song/p1389601_192k.mp3]{2b9f895eba4debb9719eee11c9e69009c0c971c0ea047a945ae99ffd1dbeda35}
<Premier Baiser>[http://mr3.doubanio.com/d92862c3f77d51ee50ab37ac600079a1/0/fm/song/p1389749_192k.mp3]{5d30f015fcc060cade0d32861188edef5b28dfb4a7932c6ef9e965a9f6c4dc0f}
<Pour Toujours (Love Theme)>[http://mr3.doubanio.com/b18f1e27dcff88f92b2aff9e6cd50824/1/fm/song/p1389765_192k.mp3]{ec9e0879ec8582f70acbc584d279e902722b6620a4e9b444a59527a6a525fc71}
<Jinseino Merry-go-round>[http://mr1.doubanio.com/a8192d3f4444f4e3a8300f89a1ad9174/0/fm/song/p1390682_192k.mp3]{9e887fb13de939f9b2d2a467035f3bc4f7aa31c7d665e0f85deb58ac8db0dba0}
<Spring>[http://mr3.doubanio.com/f34d3a3529c25d10a98396d3cfad7abc/0/fm/song/p1390686_192k.mp3]{f925de2316399f8e8102dda370a8696e7b2330d254ada8295c38a14e1481752a}
<想い出は远くの日々>[http://mr3.doubanio.com/0a2b1984c436c3a4e2da49ab278efb85/0/fm/song/p1391297_192k.mp3]{3712f7767797ca49afd926494bfb3aadc13153142cadd98d0b20e630b3d74a03}
<暁の車～piano version>[http://mr3.doubanio.com/90a6914cbb222c3f23b8bf40289e899c/1/fm/song/p1392059_192k.mp3]{3cf6960202d8eb9e08d2c9e62fdfde7a99f85ae4458950020c693f6c769b55e5}
<暁の車～acoustic version>[http://mr1.doubanio.com/3281bd3cec25154732108bad9fd03aca/1/fm/song/p1392060_192k.mp3]{25ac8b03a62a9e6315d31b5c9bf1debefa610610a23aeb1f41aa79407cc3ea7a}
<终身美丽>[http://mr3.doubanio.com/72a31dabf0ccb1b6c0f4254eb90cca90/1/fm/song/p1394186_192k.mp3]{ec068f407e6bc77044812d488dfaedaa444f2c052966fc8148db8206425d1862}
<欢逍遥>[http://mr1.doubanio.com/40b04e18195a537b4809511a3ecc2fea/0/fm/song/p1394661_192k.mp3]{40e9735346ad4a85b46e3666af82b3019fc3b03066f13dba78462289ff068549}
<帰りたくなったよ-こんにつあー!! 2008 LIVE ver.->[http://mr3.doubanio.com/388440850eb25466ff3b578cefd19c7f/0/fm/song/p1396034_192k.mp3]{08b780a3585230653edc20f6dc34f1a7e9f0fa098327cb5d3fc46e75dd52e766}
<天空之城 (吟唱版)>[http://mr3.doubanio.com/013040e8456e3b501dc86ac305e62c42/1/fm/song/p1396075_192k.mp3]{8630e46c20d92e87f8d4930501bc957eee2f7784fc75a6b521b65c72b55d411c}
<川の流れのように>[http://mr1.doubanio.com/a0c0be3218dddf1141c7359c1be5fcfd/0/fm/song/p1398692_192k.mp3]{143558847518e457373af711c10d7677fa957cfde6635e020b92379ac282d555}
<Your Love (Theme from Once Upon a Time in the West)>[http://mr1.doubanio.com/8a17d7a1dddece02638cc95a43d1afa3/0/fm/song/p1402832_192k.mp3]{7aa585cd9a40ff813fa2ec7687275fc0e759a362dfb530a58d170a17d1b82e49}
<风的季节>[http://mr1.doubanio.com/ba745ea072b5dc0e40e877ef269108a4/0/fm/song/p1412733_192k.mp3]{166448e5c57a275cc75c6183f5d439a193eef4b3e9f0512354f13bea2717562e}
<桜>[http://mr3.doubanio.com/12e01926c2df239e662092d420b9d69c/0/fm/song/p1422734_192k.mp3]{470b262927cc82b53c7facdc1ec0ad8e59891ca60141b89eafb057cd0010c3c5}
<One Last Look>[http://mr1.doubanio.com/e08c9a27df6f622ae6c5c954ad776144/0/fm/song/p1422853_192k.mp3]{41cc61062487c540bbcdba4286c52506e3ba9a45a4d741d40ce354545e952b9d}
<随缘>[http://mr3.doubanio.com/7c7594f60dad15ffbd74ed6149bf1eae/0/fm/song/p1426338_192k.mp3]{0878a021df44e42851bf3529241001dd8f86f56aef93a713dcbf511d23663879}
<all at once>[http://mr3.doubanio.com/9d799763c84b7943d17f28e72b9c22ab/0/fm/song/p1427056_192k.mp3]{eb65f6df2492ab6c652664b3fb5dd528ba244b708195a34523d448e3789fd29e}
<Hello>[http://mr1.doubanio.com/c9d70f8f21e4ae4056edd6da9e326f37/0/fm/song/p1434180_192k.mp3]{8f8df49023d5bf6862dea705585aed909674664c43488a2d2beeaa98b1dc3dc3}
<It's My Life>[http://mr3.doubanio.com/6beca92ecc0267b058c68581e66ce621/0/fm/song/p1434776_192k.mp3]{2b0b549c86813e3a3c9160615f1bd6dc6ffa376f1aa782716b8c04f8f7a42002}
<風のように>[http://mr3.doubanio.com/4524833c683b4a0876e45e473d1f912b/0/fm/song/p1436072_192k.mp3]{d12837f8505997888c4853e69ca1d2cac7a69a733a0bc439bcc587a529a85692}
<Will and Anna (Score)>[http://mr1.doubanio.com/cbf57f0164d4d050d581d9f2774ef4be/0/fm/song/p1436652_192k.mp3]{7424e12487d7434af8a76c3e6b24cb68b25fe262e8419655a43396932ccc4975}
<我真的受伤了 (国) >[http://mr1.doubanio.com/0f87f1da668fe8e125b1d50d67edc452/0/fm/song/p1437763_192k.mp3]{9a5bb115ea033322e9d176376b9db9c8e4ee88286e9ac116af70a74db92a53a4}
<爱后余生>[http://mr3.doubanio.com/0bd4a7be26676a5c358fc4dfb49c1b92/0/fm/song/p1438358_192k.mp3]{f65df4a9bbf093ae577c3292e1da710a0c14a838f552b58a85561e4c282b92ea}
<早知>[http://mr3.doubanio.com/2a290cfea8aaba4ac8d32a92fd7aa963/1/fm/song/p1438369_192k.mp3]{c6286d61031553b69315c9dfc7bcd193c6c7287e56cc2cbb437ce16fb427d042}
<In This Room>[http://mr1.doubanio.com/ee93e42e7b94b6c6e7ef2af5dd7eed90/0/fm/song/p1438682_192k.mp3]{049eda716e66ede4fe5556b174fa566ce6cbe87fa2274e86235829425bad1767}
<缺口>[http://mr1.doubanio.com/7fb5482aff774e590553386c96ae2fc0/0/fm/song/p1440143_192k.mp3]{5d7ccda330d263abc4723bd07c66eb313125c19863571dc24ab8e4bfe748faeb}
<長い話>[http://mr1.doubanio.com/7454211bc806a89752f50b67c3d7fe72/0/fm/song/p1442610_192k.mp3]{b4f1f4417889f293390d10c0b1af3962cac657bfd05604c156fb2c5cd41a8349}
<4 A.M. By Candlelight>[http://mr1.doubanio.com/9bf207f89d682886ece2cb4803858b2b/0/fm/song/p1444682_192k.mp3]{f5b11a5efb45a067304eb0744dda5b2f50a90f756efb804d57f779fba7ce6f37}
<THROUGH THE YEAR AND FAR AWAY>[http://mr3.doubanio.com/3cbf9d0f243a1da1caeb6d44a03d0c96/0/fm/song/p1449816_192k.mp3]{f81884c47313e4df272493aa775b48465a2e85b659e7cccb0a59e08b88341a9d}
<イントロデュース>[http://mr3.doubanio.com/3c714c0a6a9a3648ba239ac4c27cb48b/0/fm/song/p1449817_192k.mp3]{912824503d7dc29225c096ed7db7daba26c6f9ac57d855c8a69d9959d143c2b1}
<星つむぎの歌>[http://mr3.doubanio.com/b1baa5743f1d35265046535ea9c172f8/0/fm/song/p1450129_192k.mp3]{3cc8129859e70f2e6d5f7ea77bee4ab0d6e357ffc9bc488c8851d4374b6fe83d}
<3月9日>[http://mr3.doubanio.com/7dbe937898e9fc0399cacf30101e297f/0/fm/song/p1454157_192k.mp3]{37af4dc71bcefffaf0a3a895d858f3314694dfdf081558a52dbed636dcd83dc5}
<梦一场>[http://mr3.doubanio.com/baae09a950f5fa80ac4663d5f364cdfd/0/fm/song/p1455446_192k.mp3]{d66854ca9db00aaec3f5c5002626e33ffee2491711aed0340ae13c1d30fbe7b4}
<Who I Was Born to Be>[http://mr3.doubanio.com/199c13c961c53d37ace5279779eb5407/0/fm/song/p1464529_128k.mp3]{0c01c3a4bb239a8bf423d4e1b2dd86a5ffefd1a6360c0e2e88b6c433680e9915}
<Amazing Grace>[http://mr3.doubanio.com/4e1d1902fd0a1b65c0beb0428e2947ed/0/fm/song/p1464530_192k.mp3]{2340172dbc3e9f73cff1bd4a6ccc544be6c703a70920f11a5e477de806b8533d}
<トイレの神様>[http://mr3.doubanio.com/25a9a817a7324e6a3949af33d90c4a7c/0/fm/song/p1465476_192k.mp3]{e1e520b00aaf2b950103e982a2f0383c2b63bb7d22af2eba84e0bca266024a1a}
<他在那里站岗>[http://mr3.doubanio.com/a66bc93680dea669039d62dfbb4d2c81/0/fm/song/p1466697_192k.mp3]{23fd1d1a7c3bff3b777ff5926b37b1fd0fef6478b2e7446a5658a52f4e55319c}
<千の風になって>[http://mr3.doubanio.com/495a95db6c3fbbe12aeaeff86b042047/0/fm/song/p1470218_192k.mp3]{83a603a176706cb666eadbf40b34f78fdd484d9e0e28171ac1af28b4042767d9}
<我的回忆不是我的>[http://mr1.doubanio.com/0fcf64189dc560e1ae8441d81b313506/1/fm/song/p1471440_192k.mp3]{48609ba5d8286606ce73cf730b1ca061fb5d03b35763277edcf179df86c1a5c8}
<Time After Time -花舞う街で->[http://mr3.doubanio.com/bbd1551d3db57375f01b37c9dfa30c50/1/fm/song/p1473055_192k.mp3]{507ddacae5d5084477805507785a42e3105f6ec98e538d1686a8a5551a4a8191}
<逢いたくていま>[http://mr3.doubanio.com/c2c19f8af35b0537eb6241b76a43b373/0/fm/song/p1474204_192k.mp3]{bf1a33291249b3f455686972786c32bcb89f217b9f37d4b5711a3ef9bca83a1c}
<红绿灯>[http://mr3.doubanio.com/4484dec809c438ec7cfba46081c25313/0/fm/song/p1477579_192k.mp3]{c748cbc1bbda7d76ad21be2718a337b0d514076ca0587fc0f9ba42f90d900184}
<Sentimental Green>[http://mr3.doubanio.com/a1cabdb37298b43c83ab30e5f80b1a30/1/fm/song/p1478118_192k.mp3]{8dd4cbbee8a0a7957fa04b4ece913ba1a138e0a709cc697cc5a51e9c1e0953b4}
<In the Spring Garden>[http://mr1.doubanio.com/6967154753d7c7312d984d65e0f011f0/0/fm/song/p1478121_192k.mp3]{4a0ae88cace456dc225c820c7d8394b313614ba6bd3411130fbc203d9b81129c}
<Sunflower>[http://mr1.doubanio.com/94b2db7fedb2f3b6612b1abbc6341b6c/0/fm/song/p1478122_192k.mp3]{9f39492d3b0a3c4f5c9c92a74c7893b2926ff5e1fdbded19251955d9944f43db}
<Summer Rainbow>[http://mr1.doubanio.com/9e16b65f3705d769ca44d41cc7cf953a/0/fm/song/p1478123_192k.mp3]{03757afdb10e539b2c2149e3dee394bddaeb92450908b48847cf600d56017303}
<Memory of Heart>[http://mr1.doubanio.com/f659fe98b5aaf24685ef6fd3d9a342cd/0/fm/song/p1478128_192k.mp3]{83436825b48c1375b8b73ddeb78d07b56d7be783fa1912e2f6427b5df53d3668}
<真的爱你>[http://mr3.doubanio.com/9df0c41227581e2c1bcdd8fabe613342/0/fm/song/p1479147_192k.mp3]{375d243ad6fd65674bc43a1d3d467cae949ea043cbccc72d5cd22b9e84d8f568}
<Gentle>[http://mr3.doubanio.com/db59336aee4dd0948ce98b949768d0f6/1/fm/song/p1479738_192k.mp3]{1f07e1908714c492448b540352c62ccf6f7499140bad5b01d8767abcc1f3fc4f}
<16号爱人>[http://mr3.doubanio.com/92faa3ef46c23ec4dbb36056f4da5396/0/fm/song/p1480998_192k.mp3]{a694aec94027e6139d2d7cc277c076659f47421735826f3ea3ce2b69c13305d1}
<太阳照常升起>[http://mr1.doubanio.com/9ea51c0386fe58e4d04a131eba9645cb/0/fm/song/p1488784_192k.mp3]{c17c1ed6158f8e90f7f62d2a7cca50647f52851af2ce8ea0439c0b4952f74cb3}
<Can You Feel the Love Tonight>[http://mr1.doubanio.com/a6ec5d2190c64ef0c4c300efc41ab616/0/fm/song/p1490746_192k.mp3]{26f2b8ff30ee80f373d9b1a9bc68ce1baeac1311a102f049f463a002aa7c7fc2}
<Out Of Africa [From Out Of Africa]>[http://mr3.doubanio.com/2893aa1d882ffdde530d16ecd796a4f9/0/fm/song/p1492185_192k.mp3]{e3cc9807763ce982c4ea1f90feb5408c5a9a8310da6d7cd1ae49840744e05207}
<A Whole New World>[http://mr1.doubanio.com/6e62c10cb54f9999848d8e4964adcffd/0/fm/song/p1492771_192k.mp3]{67a12d26185387564eb4f191413dd36e3c113717667fc9bc552c77bc6131a180}
<明日～インストルメンタル・ヴァージョン>[http://mr3.doubanio.com/5201d00268f28d0965e1f35c06d13ad4/1/fm/song/p1493725_192k.mp3]{22087cac53fb30a3317d8843d1b2ebc92c0c76e86f0a1db866cb1eef811ff54b}
<拓郎とアズ>[http://mr3.doubanio.com/5eb89b6b1379403b9f4de37a6bcaec18/0/fm/song/p1493728_192k.mp3]{de455dc79051cacc3d666b97e156422fa65e9ad8fd108c5c8a24cd457445498c}
<森のテーマ～心の雪解け>[http://mr1.doubanio.com/5cb76934d3bc2f2eada42e7d56550fe7/0/fm/song/p1493730_192k.mp3]{1678f2b81dbfa935d80e1917af4255909c05aa22a78c4ac97edc5b4e33cda1e3}
<森の時計>[http://mr1.doubanio.com/3268ba505b1d18122c80e227ef45d02b/0/fm/song/p1493731_192k.mp3]{66592d047c97bfaa1a52649915070db0488537b3b39b48039c79141ae16d1276}
<拓郎のテーマ>[http://mr3.doubanio.com/ae820f33a61b9a9507bf775a645960a3/0/fm/song/p1493736_192k.mp3]{a04d57f91795a86eb6c06a4614f6f0dba525c7c383a4ed80812035ebca14c282}
<明日>[http://mr1.doubanio.com/766f71d582c3fb35c74a429dd04e2f4f/0/fm/song/p1493741_192k.mp3]{2f89f462fd5288e63b4ac44cab1ae33de011b9e2ca0eb5cb74c28fedb9cceb9d}
<Por Una Cabeza>[http://mr1.doubanio.com/3b626767e315117346cab40572a4772f/1/fm/song/p1496390_192k.mp3]{9ae05c2ee791d66f3fdffe2c9e3adbcc7b3167d05e9360bbf1da2c44e489dc3a}
<Never Had A Dream Come True>[http://mr1.doubanio.com/3a6d5c0e7281447e3091bed2f4488d57/0/fm/song/p1497212_192k.mp3]{a62769199eb49aa4d3de728d74f54559d5355b97351942d9d5dcb00076bc81f9}
<ありがとう>[http://mr3.doubanio.com/5012a1aed22ee7c3ae968e287a8a150b/0/fm/song/p1502336_192k.mp3]{573b149c169e24c22cae077ec91942672effde4a1782f5305b4a982e4325f6b5}
<Schindler's List (Theme) {Schlinder's List}>[http://mr1.doubanio.com/4a4e4d0ca3753cb0237d32fc1e15c990/0/fm/song/p1502620_192k.mp3]{1ddf0c95d242713dd5580e5520eeb224327c16c5cfd98c2e9ffb3a86b9980cb3}
<Rhapsody on a theme of Paganini - Variation #18 {Somewhere in Time}>[http://mr1.doubanio.com/a2f8415281598cb4e1cb9e85cdd7ef20/0/fm/song/p1502632_192k.mp3]{1f33682cfebb599aa2abc0019927be4803e65b8e9906b55b1a1b1af95b1b65fe}
<朋友仔>[http://mr1.doubanio.com/d4db81f8df3cb37c959d8749d0f0445f/1/fm/song/p1503180_192k.mp3]{65733d00693461b5fff80a04b51f586650cbaedb5120ff6cf7114d468e8e542c}
<刻不容缓>[http://mr1.doubanio.com/65f5b3d728a1ee648452af9831800c38/1/fm/song/p1504320_192k.mp3]{445c9147f1f155abea357594af3dde638f918c47b8271723e178b05e49828313}
<Dolphins & Mandy>[http://mr3.doubanio.com/b456e321ea410976b7a20279707885b6/1/fm/song/p1505935_192k.mp3]{41c8d2127a84a27dafd9f189a3be575764847052be6e20a5dcd2405784c24ed2}
<I've Never Been To Me>[http://mr1.doubanio.com/1ad7fa7db17e394420c99bcf791c1432/1/fm/song/p1508098_192k.mp3]{467ee82947ea13d47f9317058a5101d940ede6972dd6ed07a3260ead0953b53d}
<情人知己>[http://mr1.doubanio.com/b7f898f35b19d066f1456940a13f1d9b/0/fm/song/p1508831_192k.mp3]{483112cbd20dad9fc9a4127830485a368f92da61ff2195f26b1b99354f1ea960}
<The Prince Of Egypt (When You Believe)>[http://mr3.doubanio.com/f57bf04505ca57b456e10a299a0aa331/1/fm/song/p1509247_192k.mp3]{33b523ff72c3a3dcac85dc618f33830fb268c80e977a478c5ac999bbb7deed75}
<Desperado>[http://mr3.doubanio.com/4681bc992f97fbaaff2f78cf0ad5f2f9/1/fm/song/p1519026_192k.mp3]{e6987c1d0dd095c550b10df089a38b7d31a04690f4b1decec7bbdf755e0e0092}
<愛してる>[http://mr3.doubanio.com/c9ca8d93aff6f7574a0e81bc730a7840/0/fm/song/p1523564_192k.mp3]{d2fe90328687414466728b1ebfeaa950e67c9ba68aba34e4538607d49f59a712}
<長い間>[http://mr1.doubanio.com/c875291fafd31d242ccbb2e15b536662/0/fm/song/p1530810_192k.mp3]{d81187a26a636b3343b0f25b00a1ea8e5447cceaf595486e066fd0380ea307ef}
<想你的夜>[http://mr3.doubanio.com/c381cb49373c5da9b1e2c78585704826/1/fm/song/p1534519_192k.mp3]{b8ed658c70516639c15387e2739d32fab397b71cdd093725b2f0ac02760b1443}
<我的钢琴很简单 (钢琴曲)>[http://mr3.doubanio.com/a5fb81680c04e846c02c2776e2ae5156/0/fm/song/p1536256_192k.mp3]{316d4375c45cc1b6fc1495898ce2e324bd66c51701b02c76ab03dc5846ec60ef}
<旅立ちの日に～カラオケ～>[http://mr1.doubanio.com/90b7a264de51a1fac8e76935be312494/1/fm/song/p1537632_192k.mp3]{e00f38aa48a9f92bdaa98b85eaaf136deb94a5f6011a0519c8f4b60a8093064c}
<突然>[http://mr3.doubanio.com/e5162e42856b7222a9a6d3e938846834/0/fm/song/p1541586_192k.mp3]{4237bae735314853d9cef7902d1661dec90b1220bf3e03e0d417eeb325a5777c}
<Connie's Butterfly>[http://mr3.doubanio.com/0ae4ff9096dffb6c80643a1111a78dae/0/fm/song/p1546826_128k.mp3]{e31526c60ebc9c2e3a435c5aa89d01032fafac3cc81c19f690f526eb916f84b7}
<ナウシカ?メドレー>[http://mr3.doubanio.com/ea2a59a80eda7631a876420dfc2e359f/0/fm/song/p1548364_192k.mp3]{1298e22f1c3a58a5974ff5bf1d01dc9c505b6dd34dfd43bb402e8091b4fdedb9}
<Eileen>[http://mr3.doubanio.com/34ef065c1c1b6aaeb24d0ac2eaf39c37/0/fm/song/p1548644_192k.mp3]{c3fb7dfbfd2782eb2d70dd6b31d92f9523d85507b7febe315777af4b9c4ff9a9}
<I Have Nothing/I Will Always Love You>[http://mr1.doubanio.com/e430b72f27b968f169ede194cf82daee/1/fm/song/p1549399_192k.mp3]{958c138575a0708987efeb905ec06e2dd37152536c4fc3440d4bb9e15527368d}
<First Of May>[http://mr3.doubanio.com/85a1865f0547ed2ec53d434d2a777297/0/fm/song/p1554767_192k.mp3]{42a16a42a0f218aa427622a09a1f3a64afab539d7b782a4d7039c3dc161ef4b8}
<只因有爱>[http://mr3.doubanio.com/ddcae848015cc687aace565098822db8/0/fm/song/p1558399_192k.mp3]{86592c5017bc5e7c61f195f6183af35c1b406fc899810032a1d795145dfeab36}
<Jupiter From The Symphony - The Planet>[http://mr3.doubanio.com/f5ee4a5f89faf1408b5cce8d78ba1f07/0/fm/song/p1560469_192k.mp3]{3e2ee3361d2cbd59864fb47518590f751f933789a242123d90afb8ec0223b818}
<Endless Love>[http://mr3.doubanio.com/e90bc1fd2b47af33414181c9a0516817/0/fm/song/p1561557_192k.mp3]{0b82f3a0c112a76cbb57da764c67f52c24fc6c47cda555da3a14e176374df99e}
<凤凰花开的路口 (Live)>[http://mr1.doubanio.com/b18e8d8156c98cb6c93df9d588d8653b/0/fm/song/p1562253_192k.mp3]{3dc053ce5db7ab8810494020d66325fbda0119bc4fcff0ee36eb83df9ffd0098}
<追 & 今生今世>[http://mr3.doubanio.com/f2ccbc0d752692e3dad52acf77b6ab24/0/fm/song/p1563404_192k.mp3]{1c9cf38307a49dd85c477b9ba3c242b0331d6eddf6f8b8d0fbf03599bca37d21}
<心动>[http://mr1.doubanio.com/3e209311311e63d99222a7dcd0d1937a/1/fm/song/p1563409_192k.mp3]{4d03be2ec0890ad3d56ae8dc6a6fd07bbd96ac2698b799429a93732b7c3ccc3e}
<柴可夫斯基 如歌的行板>[http://mr1.doubanio.com/bf550c03a1cac3f5bce1657be09d26a6/0/fm/song/p1616332_64k.mp3]{421bc6836616812f5cb6d3dccf19d230fa1bea0cd31a3536ef56b411529eac2b}
<德沃夏克 幽默曲>[http://mr3.doubanio.com/7d6842f02823ab9d0d6fbab442c36fc3/0/fm/song/p1616334_64k.mp3]{8734e8765f00e80a1d961b971363d905933249890f032bfdda2a06e0b4339d3c}
<A Love Before Time>[http://mr3.doubanio.com/a5db149c35c648c56cce614ee4fd13f5/0/fm/song/p1635354_192k.mp3]{00c9728832ece643b197a2047fade8bba8a74096b5b6a43e26fff42f903b2430}
<星月神话>[http://mr1.doubanio.com/834e9892af69f2a8dac9c4ce2e1b9377/0/fm/song/p1635570_192k.mp3]{07eaa397522d2a18a411ee9f28123f567036501e758100f7483fb1439c9e4400}
<天使的翅膀>[http://mr1.doubanio.com/86f2e6aee7989dd3a933eb82c3c72c5d/0/fm/song/p1635633_192k.mp3]{63e78b6bbc5efd32bb1f42807299a24152649d3999b31c848b6ae76885ed3904}
<如果有来生>[http://mr3.doubanio.com/9e01c6d17ddb0bdef50091ee2e77a0dd/0/fm/song/p1635886_192k.mp3]{262fe8dc71577646bcef0868b71054cd31787214c45899adfc2240639b439acd}
<往日时光>[http://mr1.doubanio.com/25fd278d540aef4dbafe96a4a3763219/0/fm/song/p1635891_192k.mp3]{fe2e27c16b70ce182a44a6c9af9f0f15661f1832dfd6c6749a49e07bf5f72dd8}
<JIN-仁- Main Title>[http://mr1.doubanio.com/0942e5b33702ffcd59fae2bd09f968dd/0/fm/song/p1640122_192k.mp3]{122a34fa56573cd2375f1a221bbba0bbad22199d4ef42f2769c95340c49c86d7}
<咲の想い (Saki's Feelings)>[http://mr1.doubanio.com/5bb533d5a71be36f66603613228344ba/1/fm/song/p1640131_192k.mp3]{b3444e8062902678bc0fa5b3a4c7d6cef5612fa1df521ff187f0ac672d4abbb1}
<夕陽ケ丘 (Yuhigaoka - The Hill of the Setting Sun)>[http://mr1.doubanio.com/cf126f3230897e1a85d8e838af5f718e/1/fm/song/p1640142_192k.mp3]{a273f33425792dec844664c9e707ab259dd8c59c9820aabee7d9b19659ceb978}
<あなただけ見つめてる>[http://mr1.doubanio.com/7f021c8201837c30eac18481159cd961/0/fm/song/p1640163_192k.mp3]{05e2515a4d33856e9d9f1b83613145dcf7e8fcd2269c9b08eb9d34acdbf97a93}
<Variazione Di Un Tango>[http://mr3.doubanio.com/77441ca147997d7911632b6d0248045f/0/fm/song/p1642234_192k.mp3]{8cf3605d888be009835567da23b0d7c23530fe0b3f7fc99cf684797686a1fdcf}
<夢をかなえてドラえもん>[http://mr1.doubanio.com/e5c0c5e5ed78796f156e6afb104a42b5/1/fm/song/p1645932_192k.mp3]{9d1eb3378c7b27914624766e5f36d728129c3c62ada8c22bf3e82692ad8b046b}
<ドラえもんのうた>[http://mr3.doubanio.com/ef2a1b45d9b5160e314d1d86dddb6151/1/fm/song/p1645935_192k.mp3]{f52066408fd887111ce5b185463b048cb45e02e867775a65630cd4e5976d4a73}
<君が好きだと叫びたい>[http://mr1.doubanio.com/50ca73708c90076f82dc922eec402b9b/1/fm/song/p1646023_192k.mp3]{95596f694fc4ea5b376a468199674d833b28b1f3eafee29442bf5a0330333661}
<出会い>[http://mr3.doubanio.com/41f47bb1f3ee6ec19c4b6f9d52d4fe36/0/fm/song/p1646167_192k.mp3]{dc6003430601973872a8ac670e3fee1bb55917198386470657bcbd1e85b760fb}
<異邦人の刃>[http://mr3.doubanio.com/cbcc70689a6b94967560ac794b7b9b9c/0/fm/song/p1646187_192k.mp3]{9d46dc1bda9e66c9ee29a480ab7c8c57574dbbc37a273f35fc4a220eeb580ac8}
<我的歌声里>[http://mr3.doubanio.com/53560c36b2bac1c6c2bbc5eee2ff0f71/0/fm/song/p1654864_192k.mp3]{8d8dce65ed5423581ced81a45f03ceebf7e1e28cc0ff192a3d52144c0350dc80}
<とんちんかんちん一休さん>[http://mr3.doubanio.com/d96b94c3025fa54c449a885f957f8978/1/fm/song/p1661167_192k.mp3]{aee5caec1882cd8a071159307f47ca8703b83892820eccb7de5b05f5db071fd8}
<いつも何度でも>[http://mr3.doubanio.com/11eab3cc6627883acb4eb69ee2cd9078/2/fm/song/p1670235_192k.mp3]{19c2e5d0da579282c46dc04acc26fda4500153aad9cc1b13336ffa0174b2a693}
<我最亲爱的>[http://mr3.doubanio.com/0614f3aedbe29537b650ed7c7d84559b/0/fm/song/p1675444_192k.mp3]{6ff5692684c3d424b648304ec037f8568fad146a02b167082b5f77a801065cd1}
<それが大事>[http://mr3.doubanio.com/0f9bdb0757d231466501551b339250e5/1/fm/song/p1694684_192k.mp3]{11a2534b7dc56ea8285b81808cdf6b3b1621731f1b5a1c1ab17d6be8307649fb}
<我的祖国「伏尔塔瓦河」>[http://mr1.doubanio.com/866838ec6c184992804267e3d12be2dc/0/fm/song/p1698792_192k.mp3]{15f35e2a12a051e00186f2ce7ffb394576797209ccd06b88a5b278312f0aaec2}
<三寸天堂>[http://mr3.doubanio.com/894f3b9299427c0abdfe1756f6416abb/0/fm/song/p1700409_192k.mp3]{9087bf2c343a4ff6320f84568bf55b5a6aaf37faed8b491323ff42982ac8692b}
<Atmosphere>[http://mr3.doubanio.com/1f9502a0e83ae6cc0762164149e72773/1/fm/song/p1738616_192k.mp3]{fd2e12a85a143038312a228f49e38f0890356195435dbb61a1b18195dbb50f0c}
<Garden of the Roses>[http://mr1.doubanio.com/ac8ec564d5f199b95f0d1327d674afda/1/fm/song/p1738620_192k.mp3]{6cd18871703442002087dbdf94894b9b38d0f453a8a3c90cc913c1aea13115f5}
<那些年>[http://mr3.doubanio.com/2d24d1c77e939b941f7e453ce2d9cb73/1/fm/song/p1753407_192k.mp3]{cfcfba002240a365120170411e6d6fec25d0affd34bb72649f0f9865e5b9d3b6}
<I Rest in You>[http://mr1.doubanio.com/bccb7c284ebd760fc2119ce0811a1de3/0/fm/song/p1809241_192k.mp3]{5b6cd736815c4b56e5794c0006ff2a8d1da215095ec2f512ced6c8fc32c310c4}
<Nearer My God to Thee>[http://mr3.doubanio.com/7dadf507fb9b5d45724d1c4a2c822ada/0/fm/song/p1809244_192k.mp3]{f41260df14a6883de262674edc41771bcba588c8c0299b9411aa7a50af45c5fd}
<掌声响起>[http://mr1.doubanio.com/b1fb347e262400f005063dfa8ccffc34/2/fm/song/p1812833_192k.mp3]{2bf2590713a87e49a1bd06941f89c04a122d07680a2d51f8a07d37d0c9b35d3d}
<誕生>[http://mr3.doubanio.com/8b1f7131bfea29706e5479ce37812744/1/fm/song/p1813065_192k.mp3]{faf59fc9fd406c3f019a8094965e417f2e30d23a53c30f923a75d11fa2cb3e76}
<さよならの夏 ～コクリコ坂から～ (主題歌 別バージョン)>[http://mr3.doubanio.com/8a0ec6715ac7f7c26bd9dcccc9c82816/1/fm/song/p1813366_192k.mp3]{b6c4333da13b45b52abac2b8f35cfdb12cfd2f1fe33a982dd6c216a46178d7f6}
<やさしい風>[http://mr3.doubanio.com/bdb5dbc707cee6045be96410d663eab2/1/fm/song/p1813598_192k.mp3]{9cd8d407e569a84e770f5265c108bc99b5db9058dce0d458e55c055d5dae55ce}
<エタニティ>[http://mr3.doubanio.com/7d4c5e080370f68c6c1f137b93c23559/1/fm/song/p1813727_192k.mp3]{905d10d7c08f8e95e4080ae263a7fb29da7e8f75e25a149d9497b195934febac}
<明日への希望>[http://mr3.doubanio.com/99f2bd0f073359a8bffcd92d1ec5ca8f/3/fm/song/p1813730_192k.mp3]{2538a47483201ab825dc1476c69b0f04b4a4a0a977f1885042f798944f8bb99c}
<シェルブールの雨傘>[http://mr3.doubanio.com/35d240ff50d122fda9391f65d384bc95/1/fm/song/p1813736_192k.mp3]{24dfbc237d893930595491e098364586a0e3ab1eb09c45e546be6ce624f96b19}
<Forrest Gump: Main Title Theme>[http://mr1.doubanio.com/3a3947c6815325513bd25594b84835e6/0/fm/song/p1813887_64k.mp3]{fdac46d1486adf6c802b3e4f3dfdc8388e237de7326c1b3b2730b818af832481}
<ピアノ協奏曲「宿命」第一楽章よ>[http://mr3.doubanio.com/112af74aa5203c09f4054fa95fd5c39c/3/fm/song/p1815178_192k.mp3]{09c853c39f0ad77e0218bf556a086ff5369ed1b36e8461b0bd3d3a6b7cff38b9}
<转身之间>[http://mr3.doubanio.com/ab4399091ba2816ee5ae38883af271b5/1/fm/song/p1815234_192k.mp3]{e4bcc6b398884a480e1dfdfc5a4dc51d4cfdb84795ec5c503842795ad226f490}
<夜的钢琴曲(五)>[http://mr1.doubanio.com/019880d8a0fda7d54df8ab311879da29/0/fm/song/p1815293_192k.mp3]{2b1dede0c46424642780bb1450992578517fde67ed4abf4efca0307d17dff911}
<Fiddle and Guitar -Main Theme->[http://mr3.doubanio.com/42bdee2732b3679f65b67b959a2ca7cf/1/fm/song/p1815969_192k.mp3]{1daee6fc47aeffeda3f1ade2f9a2dea81eef14a2ff49eadc668a3c73b2ccca9c}
<美少女战士>[http://mr3.doubanio.com/cae03534533abc530e497dbbbf031e72/0/fm/song/p1818284_64k.mp3]{12ee5e9d9494ea54376799f42a0ac0296627e1b58647c5250b770160c7e777f0}
<帰省>[http://mr1.doubanio.com/f1e09b8b033068d96d304fd1a61fb951/2/fm/song/p1819993_192k.mp3]{4495380e86408512bc19cd4a810930f7cf0b3a9a1aea3cb6ca485419574b0c1c}
<イントロダクション~ねがい>[http://mr1.doubanio.com/45dc9ef41d218b73e3e98ba4b8cd8ade/1/fm/song/p1820163_192k.mp3]{8c64701e9d5c7868fb51a243aaf75ac92e97dd4e1754889433ccf87dec2cf402}
<We Are The World>[http://mr3.doubanio.com/c89a52f816716f07410f353eb1786f67/1/fm/song/p1821669_192k.mp3]{9de75e2635473badde2fcdb91762e88768225edf5b8a4899fd20085f5d426626}
<初恋抄>[http://mr1.doubanio.com/bddd7fb8aa1f294d99216f11c70cd55c/1/fm/song/p1822162_192k.mp3]{3a6799cd28e3a7ae827b4496820df447c65446d3dedf6ba1074a778d9040e598}
<Solitude>[http://mr3.doubanio.com/205629c0e4a6947174eeaf486af109a1/1/fm/song/p1822408_192k.mp3]{0a5902bfcc464ab50c3c7c31cf283baa445e53482840a22891b6c06d8518f40b}
<Rain>[http://mr1.doubanio.com/ef1a0788290df143dbb8d39e217ac0e2/0/fm/song/p1824553_192k.mp3]{16f0d6cb1630bfad9343cf810a0b9095030a3a4ab9897cfb5801518a49db9d26}
<Suite for solo cello No. 1 in G major, BWV 1007: I. Prélude>[http://mr1.doubanio.com/8c443ba8c6b885ce81315f2e3a57b808/0/fm/song/p1824806_64k.mp3]{32a69b3398fc9070616bf6e6fb6233eccbfccdc9257987eedee135fd09da94b5}
<あの場所から>[http://mr3.doubanio.com/84826c0b4870bab50f3da9d64006ce0a/2/fm/song/p1825449_192k.mp3]{ff24fe1d70581479a79751aeea60e90af753d39ec159760a3c2eabb411caac46}
<はるか風の彼方へ>[http://mr3.doubanio.com/382836030793ea528755536402c07507/2/fm/song/p1825757_192k.mp3]{4f79d06317db1ca513f055fb20af9928cd273fb892ef2652bd6763cb8422af60}
<風の行方>[http://mr1.doubanio.com/c8541f03af96c78ce83714b7da2318b5/2/fm/song/p1825762_192k.mp3]{4500cd3dad080e8566f683ecd3283c58ab9dcc83a28113fb5c66ae118f95b3e1}
<My Hope is You>[http://mr1.doubanio.com/669495fd0b5cbb650e64c151e6764f23/0/fm/song/p1825778_192k.mp3]{e12c5fb080085a3884c77109cc7737e69a9866d0e2bcab4579c70e86958bebd2}
<what I live for>[http://mr3.doubanio.com/de22fa22d9800efa777fc92ad8496522/1/fm/song/p1828436_192k.mp3]{f198ee2ff58ab85cfe1b47297a5ae73317c5665c2f60e116c8e58bd7c79fca89}
<相逢何必曾相识>[http://mr3.doubanio.com/7a28b49f0c4bc3ef8380b00b9c33533a/0/fm/song/p1828684_128k.mp3]{dde8bd4d4fd7780ba7b01e052cf8221f421add2b198ccbb8a52d9a676fa0bdd0}
<Valse A L'Etage>[http://mr3.doubanio.com/41246f06d7d0e32ed1542d8110faa23f/0/fm/song/p1834235_128k.mp3]{c1095a281ce82b0410d04c00dae2e545ff9bf55242f209e2acb9785bdbb82e5c}
<The Aim & End>[http://mr3.doubanio.com/ef522d60cb3d81d1e4021bc4117ecd18/0/fm/song/p1838344_192k.mp3]{a779d592d2aeeaa95eb62b20088805faa0d8ec63cedb55c001e34da1ff0793f9}
<Passion (アコースティック・ヴァージョン)>[http://mr3.doubanio.com/46bba29d4bea1d847b960c0b15484cd5/0/fm/song/p1838377_192k.mp3]{186c5559d760400522590f6de5f8632fcf99b5adcb7f846899e5dd12e15978e4}
<それぞれの海>[http://mr3.doubanio.com/899475273f156a7e59a7ea25af585f28/0/fm/song/p1838458_192k.mp3]{797b6cd4ca00fb1b3ef122ec21890ca5665a6a939ab53111052da94c00c25d01}
<黄昏のワルツ>[http://mr3.doubanio.com/dad795827ea2a235e77511018b288392/0/fm/song/p1838464_192k.mp3]{3f1c2689dd78768b79862e990d6257dc34b0d87bcb3de60c08b1572f6de0443f}
<大河の一滴>[http://mr3.doubanio.com/ea4a16e4e419d271d62122efb65985cf/0/fm/song/p1838467_192k.mp3]{7e427354134e0e333218ee60277983c52cc25fefd4c5bc2da320e0e48ab71958}
<羊角花又开>[http://mr3.doubanio.com/c4eeae26ac4595388a517c2b53aa6bec/0/fm/song/p1844998_192k.mp3]{939af7a5172cd7e660ae27777b1428c483df3d5c1c30dde484c350607aa7454e}
<心淡>[http://mr1.doubanio.com/78b51ac279695284fa6c2f2cdf300da6/1/fm/song/p1848760_192k.mp3]{f81254776c71a99e8034d587919f19ee1240844557e5ab415f352ed81cdaf647}
<我们>[http://mr3.doubanio.com/c1c809ccd18c3971b2725956e741b077/0/fm/song/p1850459_192k.mp3]{e37c740c4e5c791f5ebff240ec0a5d78de8023ce27192aa2f9019e763052fc1d}
<緑の風>[http://mr3.doubanio.com/eceb77ce65ee71673989ef890ba10ace/0/fm/song/p1851904_192k.mp3]{2a0977280a4709616a73cdacfe92c37a18b2ad5282c0a2eee0eab7ff5274ac33}
<Lake Louise>[http://mr3.doubanio.com/1df1b7a7a20d6619ce82c1f01e48d7a1/0/fm/song/p1875528_192k.mp3]{fadeebc877da31d7271c3695c109a13c80dae4042e8336fa95ef121991e3c63c}
<On My Own>[http://mr1.doubanio.com/8c532ba479ae938958b4ed2f6980cffa/0/fm/song/p1879753_192k.mp3]{70ad5c3fa1857944b961405b6b296cf22ad6c5ada16162885bbd0dbd450f60a7}
<Kiss The Rain>[http://mr3.doubanio.com/e78cd9d91b3c343805ad39292ebad029/1/fm/song/p1881107_192k.mp3]{e473eacd6d63701486f9645df47cb285fc9405cfb69762eaf4cd5cb685e5ba30}
<命の転生>[http://mr3.doubanio.com/9b295038c5916e316948d7e4c8371983/0/fm/song/p1881607_192k.mp3]{48700ae85802c437c251a476b60e24d737e96bef1b4b53650cae46e70b775efd}
<恋无可恋>[http://mr3.doubanio.com/46b7ea784340ce579b8edc1b41080f4a/0/fm/song/p1882478_192k.mp3]{c554a7b4d3db3858b2f1dd1e4a20b0cf27360cc0ce7a5648e57093087c958651}
<时间都去哪了>[http://mr3.doubanio.com/67ce5f171d2dd8b68452ab757d39459f/0/fm/song/p1885195_192k.mp3]{23c60fc1ca7a700ae57a65d926a48e663608d100a91a3f99f74cfa6f71bb9926}
<One Moment In Time>[http://mr1.doubanio.com/b09af4f22298c8b37640a706df36fafa/0/fm/song/p1887350_192k.mp3]{344b9197102eb4d827edca5fb7996684295ed5a3551fc82f7731a997c66609c7}
<天冷就回來>[http://mr1.doubanio.com/bf2c4a7f7efdb18cb4c093f625f9f8d2/1/fm/song/p1888262_192k.mp3]{7e98409f9f8c8af6a70a57a40768808d5d1ac124cb488779331d0a1d08ab4231}
<一个人的时光>[http://mr3.doubanio.com/c002808c65bc4baf145f681c9abd8614/1/fm/song/p1895856_192k.mp3]{94ac0fa8263d9c42189ee7a54c259f82149f0218c8ae8e1928b4bd51e6de7dd1}
<Do You Hear the People Sing_>[http://mr1.doubanio.com/a4295d1d120c1b33d8395fe0d993372a/0/fm/song/p1896980_192k.mp3]{1e55ee66f3ed0d94859f2e21200cede29ec5c3db4e53e13dfde40e94792c687e}
<其实都没有>[http://mr3.doubanio.com/b75fdfc20d75abb4595b29a77b6aeb1c/0/fm/song/p1898965_192k.mp3]{519135e75e3742250c798e6639dadadff090bc5f0cee79325c1bf561e4e22084}
<未完待续>[http://mr3.doubanio.com/41f7f54f6e3ed598525a7a59466575f9/0/fm/song/p1904765_192k.mp3]{6d2106f14fbb24ea16bab3c9b93a14767e3b3d27ca721d09d6e0281da03b8dc7}
<Ocean and D Major>[http://mr3.doubanio.com/51cb2ae60076dae26a59d3553861bdbb/0/fm/song/p1905235_192k.mp3]{1e9252779fa71453925d4c17f27c6b7ceb3cb6df9c77d48cd56aaffa0819b632}
<Two Hearts>[http://mr3.doubanio.com/31761864b41f4618d1d34a01874da074/0/fm/song/p1905238_192k.mp3]{8c91a8aca179b0f72c254ec7cc1f20cdbfad63e0337a1c7f633132056f41d56b}
<Lost thing is... -Bygone days->[http://mr3.doubanio.com/0145b42d83c69d87936497c3faafe42a/0/fm/song/p1918737_192k.mp3]{5a8348de9de56eedb0a6476ee0a4294776ddafe3727a1e3082ade27402ebe05c}
<4月 星桜-はな->[http://mr1.doubanio.com/7ce73ca7c3d16e446bb16230ccf3e50e/0/fm/song/p1928461_192k.mp3]{ee044cb740e5de1a056b36456176ae5fc4bea2ed9e844320359d43a55ffbaad6}
<一生所爱>[http://mr3.doubanio.com/8ec733a53e923e9b8e343867b58d198c/1/fm/song/p1930385_192k.mp3]{86c7928f9488d2812955685cee564bf8c9be06ba2206930e5702d88b976b308e}
<三寸天堂>[http://mr3.doubanio.com/ab8ad0ff62c33e14044791ec3ee2a2f7/0/fm/song/p1932148_192k.mp3]{015a9e9a8a532a5de2aabf2020d58c8636f6c89ade2d8967016577cd6cf7e023}
<Finale>[http://mr3.doubanio.com/6d64a24f3930fc20c6cdd5bbbf8c1a5b/0/fm/song/p1942336_192k.mp3]{c716da897f2da83ba32a83bf1652c6e078f4aa4d5cb2ba4c2b1b50a4403b1d47}
<My Memory (电视O.S.版)>[http://mr3.doubanio.com/019d84716f3409569a56021f8842c611/0/fm/song/p1962308_192k.mp3]{6112bf2360515290b17adc3b57daf36ef6382d53885753a186739f64b32bbd70}
<アトラクション>[http://mr1.doubanio.com/48d95b972fbfaa5aa566aafb52390898/0/fm/song/p1991181_192k.mp3]{e3a17c57f56e13f3662962533a52832f7292addf9489057068633bd6a4bcc8dd}
<風がはこんできたもの>[http://mr3.doubanio.com/c380a5099b770f6bb215fbd6ceb99364/0/fm/song/p1992349_192k.mp3]{e16c032b1b64c62b9aa9713740d3ec74a0e1031d625f1a63e6e4656ce247e9d1}
<神様のカルテ>[http://mr1.doubanio.com/1cb476972ed420535776159db18af0c4/1/fm/song/p1992370_192k.mp3]{96f0ab7ba337576a38408cbad78649fa979a869efc2b8fc8da76726e2f88bbb4}
<七友>[http://mr1.doubanio.com/102841382d4583ca10a6b8c9cb927264/0/fm/song/p2001901_192k.mp3]{dbcdf6632755d17c31709783550ab7626d4216cc260aec9405f20e98adf1d7e3}
<飞女正传>[http://mr1.doubanio.com/3809d0d943ba2c66cb420698615f8ee1/0/fm/song/p2048910_192k.mp3]{bcfc6218693709aca52a20d6e454e916523ee00bf1e9c17f6f088adee8032bd8}
<銀の龍の背に乗って>[http://mr3.doubanio.com/ce853666a2f0e944d781980db9ae07f3/0/fm/song/p2051327_192k.mp3]{fe53cc6eb4f0acadd2dd6719db5b9d2a73e1faf55228bccad0d7031f2aee8141}
<체념>[http://mr3.doubanio.com/4e65590df8f9737c9bfa4d8bf40c63f1/0/fm/song/p2051843_192k.mp3]{d73de995ac8ecf36f7016f5a2925803ace7cf392001e84e69245e8294778ff4c}
<后会无期>[http://mr3.doubanio.com/23c3877ec1e5b00372f1973034963431/0/fm/song/p2097056_192k.mp3]{fed394c116122a539019e57f3f4eb2e8327062fcd64d46630bdacbb35de5bc83}
<The Red Cliff ～映画｢レッドクリフ｣より～>[http://mr3.doubanio.com/1f2fbc7873f3a8fbb6a1cb63d1fd71ba/0/fm/song/p2122249_192k.mp3]{ed1d540f11d83bdc22ab91c7519f030b4a5e96c4d775e12cca8b6d5d240e876b}
<We Are Young>[http://mr3.doubanio.com/95e926ee3a1d74cb7ae42f98d291ea09/0/fm/song/p2138537_192k.mp3]{6cc3eb2b3a60f5e3eb72be69d85a6017e86db872f32475a5e319506e25fb07d7}
<БРАТЬЯ (ブラーチヤ)>[http://mr3.doubanio.com/c4a4929e0cad9f5d6c0a1c6bc2a4aeb5/0/fm/song/p2138978_192k.mp3]{1d016cd48bbf87558f98bbb346bd3c0d03ee40d31c97db9fce215a4022ca20f6}
<ニュー・シネマ・パラダイス メドレー>[http://mr1.doubanio.com/03468da2030bf0fb0d6f57941770a034/0/fm/song/p2153820_192k.mp3]{b7b44e0262c4e55a7902602d2f884e5b530107d6bacdcd6d75ab6d84d54f1299}
<愛の悲しみ>[http://mr1.doubanio.com/7e34537db185eea5c00d34d68bb7ca1b/0/fm/song/p2153822_192k.mp3]{f4b81aa499f7305b2c54ea6a88b587569637751282346d6a9f64f8873bb28637}
<太古の太陽>[http://mr3.doubanio.com/af187e19d79f49501aac8f890797344d/0/fm/song/p2153827_192k.mp3]{ab5e100d99dde6eb26b51b3de6f33b5f0207428306c7233a09cc537b6adfb9cf}
<星に願いを>[http://mr3.doubanio.com/43871b2b8b62862675fc7196aadff2f1/0/fm/song/p2153829_192k.mp3]{b037199270544e8fd7a39fd1c7bfea550d3cd36a1b8cc8667651598707cefab9}
<恋恋风尘>[http://mr3.doubanio.com/e2a1a3322717ae882496db1519530861/0/fm/song/p2208897_192k.mp3]{f39aa87b29606482f7188d2e09a36ab110d7d0564ac2d180ad736de15233e278}
<存在>[http://mr3.doubanio.com/7925ca54af9260c11093bbae63540945/0/fm/song/p2237789_192k.mp3]{d2ae9d49a35663f33344b1540bb7dcf91b6390001e701b340eeab238a04832e3}
<消失的光年>[http://mr3.doubanio.com/a517169bc4d4bdc61db9b9b2a536bb81/0/fm/song/p2237917_192k.mp3]{39a30616edb4f075110b0c22c59275dcfbb7d5b00032fc52a6e0443f17e47459}
<夜空中最亮的星>[http://mr1.doubanio.com/4cd4da6cd90c56ac07d51d3f1ddb8148/0/fm/song/p2369960_128k.mp3]{33291ea3b4a3fb0bf53bf1a1a93701c703c28f9b2cbbc939bf63e6cd4c0e157e}
<拥抱你>[http://mr3.doubanio.com/e1ca41c8f1451c9b9e07c9e3a2d5270a/0/fm/song/p2384797_192k.mp3]{8fff531cbbe2058444d91923e8bfd47ec9986266200625b7e7d9aad4e70a0b65}
<只怕不够时间看你白头>[http://mr1.doubanio.com/a0d9283b8c7df87897f882e1785e976c/0/fm/song/p2456263_192k.mp3]{b7ed3adf87d5d3b2bd302d3ff2612c5ac4b3d2a290fed1cee53360236906c9fd}
